#
# A fatal error has been detected by the Java Runtime Environment:
#
#  SIGSEGV (0xb) at pc=0x00007fae2b91bac7, pid=20905, tid=20952
#
# JRE version: OpenJDK Runtime Environment (Zulu11.29+3-CA) (11.0.2+7) (build 11.0.2+7-LTS)
# Java VM: OpenJDK 64-Bit Server VM (11.0.2+7-LTS, mixed mode, tiered, compressed oops, g1 gc, linux-amd64)
# Problematic frame:
# C  [libtesseract.so.3.0.4+0x9dac7]  tesseract::Tesseract::recog_all_words(PAGE_RES*, ETEXT_DESC*, TBOX const*, char const*, int)+0x5e7
#
# Core dump will be written. Default location: Core dumps may be processed with "/usr/share/apport/apport %p %s %c %d %P" (or dumping to /home/fernando/eclipse-workspace/image-converter/core.20905)
#
# If you would like to submit a bug report, please visit:
#   http://www.azulsystems.com/support/
# The crash happened outside the Java Virtual Machine in native code.
# See problematic frame for where to report the bug.
#

---------------  S U M M A R Y ------------

Command Line: /home/fernando/eclipse-workspace/image-converter/target/surefire/surefirebooter852532316016554381.jar /home/fernando/eclipse-workspace/image-converter/target/surefire 2019-02-23T16-47-59_254-jvmRun1 surefire2354334486479398638tmp surefire_14018224006537709404tmp

Host: Intel(R) Core(TM) i5-2410M CPU @ 2.30GHz, 4 cores, 7G, Ubuntu 16.04.4 LTS
Time: Sat Feb 23 16:48:10 2019 BRT elapsed time: 8 seconds (0d 0h 0m 8s)

---------------  T H R E A D  ---------------

Current thread (0x00007faec4800000):  JavaThread "http-nio-auto-1-exec-1" daemon [_thread_in_native, id=20952, stack(0x00007fae51e26000,0x00007fae51f27000)]

Stack: [0x00007fae51e26000,0x00007fae51f27000],  sp=0x00007fae51f21fe0,  free space=1007k
Native frames: (J=compiled Java code, A=aot compiled Java code, j=interpreted, Vv=VM code, C=native code)
C  [libtesseract.so.3.0.4+0x9dac7]  tesseract::Tesseract::recog_all_words(PAGE_RES*, ETEXT_DESC*, TBOX const*, char const*, int)+0x5e7

Java frames: (J=compiled Java code, j=interpreted, Vv=VM code)
j  com.sun.jna.Native.invokePointer(JI[Ljava/lang/Object;)J+0
j  com.sun.jna.Function.invokePointer(I[Ljava/lang/Object;)Lcom/sun/jna/Pointer;+6
j  com.sun.jna.Function.invoke([Ljava/lang/Object;Ljava/lang/Class;Z)Ljava/lang/Object;+426
j  com.sun.jna.Function.invoke(Ljava/lang/Class;[Ljava/lang/Object;Ljava/util/Map;)Ljava/lang/Object;+262
j  com.sun.jna.Library$Handler.invoke(Ljava/lang/Object;Ljava/lang/reflect/Method;[Ljava/lang/Object;)Ljava/lang/Object;+316
j  com.sun.proxy.$Proxy82.TessBaseAPIGetUTF8Text(Lnet/sourceforge/tess4j/ITessAPI$TessBaseAPI;)Lcom/sun/jna/Pointer;+16
j  net.sourceforge.tess4j.Tesseract.getOCRText(Ljava/lang/String;I)Ljava/lang/String;+62
j  net.sourceforge.tess4j.Tesseract.doOCR(Ljava/util/List;Ljava/lang/String;Ljava/awt/Rectangle;)Ljava/lang/String;+69
j  net.sourceforge.tess4j.Tesseract.doOCR(Ljava/util/List;Ljava/awt/Rectangle;)Ljava/lang/String;+4
j  net.sourceforge.tess4j.Tesseract.doOCR(Ljava/awt/image/BufferedImage;Ljava/awt/Rectangle;)Ljava/lang/String;+6
j  org.imageconverter.ImageConvertService.convert(Lorg/imageconverter/Image;)Ljava/lang/String;+144
j  org.imageconverter.ImageConvertController.convertWithArea(Lorg/springframework/web/multipart/MultipartFile;IIII)Ljava/lang/String;+18
v  ~StubRoutines::call_stub
J 2301  jdk.internal.reflect.NativeMethodAccessorImpl.invoke0(Ljava/lang/reflect/Method;Ljava/lang/Object;[Ljava/lang/Object;)Ljava/lang/Object; java.base@11.0.2 (0 bytes) @ 0x00007faeb45307b7 [0x00007faeb4530740+0x0000000000000077]
J 2300 c1 jdk.internal.reflect.NativeMethodAccessorImpl.invoke(Ljava/lang/Object;[Ljava/lang/Object;)Ljava/lang/Object; java.base@11.0.2 (104 bytes) @ 0x00007faead37bfa4 [0x00007faead37b3c0+0x0000000000000be4]
J 1432 c1 jdk.internal.reflect.DelegatingMethodAccessorImpl.invoke(Ljava/lang/Object;[Ljava/lang/Object;)Ljava/lang/Object; java.base@11.0.2 (10 bytes) @ 0x00007faead1d2e5c [0x00007faead1d2d60+0x00000000000000fc]
J 1431 c1 java.lang.reflect.Method.invoke(Ljava/lang/Object;[Ljava/lang/Object;)Ljava/lang/Object; java.base@11.0.2 (65 bytes) @ 0x00007faead1d094c [0x00007faead1d0620+0x000000000000032c]
j  org.springframework.web.method.support.InvocableHandlerMethod.doInvoke([Ljava/lang/Object;)Ljava/lang/Object;+16
j  org.springframework.web.method.support.InvocableHandlerMethod.invokeForRequest(Lorg/springframework/web/context/request/NativeWebRequest;Lorg/springframework/web/method/support/ModelAndViewContainer;[Ljava/lang/Object;)Ljava/lang/Object;+75
j  org.springframework.web.servlet.mvc.method.annotation.ServletInvocableHandlerMethod.invokeAndHandle(Lorg/springframework/web/context/request/ServletWebRequest;Lorg/springframework/web/method/support/ModelAndViewContainer;[Ljava/lang/Object;)V+4
j  org.springframework.web.servlet.mvc.method.annotation.RequestMappingHandlerAdapter.invokeHandlerMethod(Ljavax/servlet/http/HttpServletRequest;Ljavax/servlet/http/HttpServletResponse;Lorg/springframework/web/method/HandlerMethod;)Lorg/springframework/web/servlet/ModelAndView;+276
j  org.springframework.web.servlet.mvc.method.annotation.RequestMappingHandlerAdapter.handleInternal(Ljavax/servlet/http/HttpServletRequest;Ljavax/servlet/http/HttpServletResponse;Lorg/springframework/web/method/HandlerMethod;)Lorg/springframework/web/servlet/ModelAndView;+81
j  org.springframework.web.servlet.mvc.method.AbstractHandlerMethodAdapter.handle(Ljavax/servlet/http/HttpServletRequest;Ljavax/servlet/http/HttpServletResponse;Ljava/lang/Object;)Lorg/springframework/web/servlet/ModelAndView;+7
j  org.springframework.web.servlet.DispatcherServlet.doDispatch(Ljavax/servlet/http/HttpServletRequest;Ljavax/servlet/http/HttpServletResponse;)V+310
j  org.springframework.web.servlet.DispatcherServlet.doService(Ljavax/servlet/http/HttpServletRequest;Ljavax/servlet/http/HttpServletResponse;)V+308
j  org.springframework.web.servlet.FrameworkServlet.processRequest(Ljavax/servlet/http/HttpServletRequest;Ljavax/servlet/http/HttpServletResponse;)V+71
j  org.springframework.web.servlet.FrameworkServlet.doPost(Ljavax/servlet/http/HttpServletRequest;Ljavax/servlet/http/HttpServletResponse;)V+3
j  javax.servlet.http.HttpServlet.service(Ljavax/servlet/http/HttpServletRequest;Ljavax/servlet/http/HttpServletResponse;)V+149
j  org.springframework.web.servlet.FrameworkServlet.service(Ljavax/servlet/http/HttpServletRequest;Ljavax/servlet/http/HttpServletResponse;)V+33
j  javax.servlet.http.HttpServlet.service(Ljavax/servlet/ServletRequest;Ljavax/servlet/ServletResponse;)V+30
j  org.apache.catalina.core.ApplicationFilterChain.internalDoFilter(Ljavax/servlet/ServletRequest;Ljavax/servlet/ServletResponse;)V+304
j  org.apache.catalina.core.ApplicationFilterChain.doFilter(Ljavax/servlet/ServletRequest;Ljavax/servlet/ServletResponse;)V+101
j  org.apache.tomcat.websocket.server.WsFilter.doFilter(Ljavax/servlet/ServletRequest;Ljavax/servlet/ServletResponse;Ljavax/servlet/FilterChain;)V+21
j  org.apache.catalina.core.ApplicationFilterChain.internalDoFilter(Ljavax/servlet/ServletRequest;Ljavax/servlet/ServletResponse;)V+135
j  org.apache.catalina.core.ApplicationFilterChain.doFilter(Ljavax/servlet/ServletRequest;Ljavax/servlet/ServletResponse;)V+101
j  org.springframework.web.multipart.support.MultipartFilter.doFilterInternal(Ljavax/servlet/http/HttpServletRequest;Ljavax/servlet/http/HttpServletResponse;Ljavax/servlet/FilterChain;)V+142
j  org.springframework.web.filter.OncePerRequestFilter.doFilter(Ljavax/servlet/ServletRequest;Ljavax/servlet/ServletResponse;Ljavax/servlet/FilterChain;)V+111
j  org.apache.catalina.core.ApplicationFilterChain.internalDoFilter(Ljavax/servlet/ServletRequest;Ljavax/servlet/ServletResponse;)V+135
j  org.apache.catalina.core.ApplicationFilterChain.doFilter(Ljavax/servlet/ServletRequest;Ljavax/servlet/ServletResponse;)V+101
j  org.springframework.web.filter.RequestContextFilter.doFilterInternal(Ljavax/servlet/http/HttpServletRequest;Ljavax/servlet/http/HttpServletResponse;Ljavax/servlet/FilterChain;)V+21
j  org.springframework.web.filter.OncePerRequestFilter.doFilter(Ljavax/servlet/ServletRequest;Ljavax/servlet/ServletResponse;Ljavax/servlet/FilterChain;)V+111
j  org.apache.catalina.core.ApplicationFilterChain.internalDoFilter(Ljavax/servlet/ServletRequest;Ljavax/servlet/ServletResponse;)V+135
j  org.apache.catalina.core.ApplicationFilterChain.doFilter(Ljavax/servlet/ServletRequest;Ljavax/servlet/ServletResponse;)V+101
j  org.springframework.web.filter.HttpPutFormContentFilter.doFilterInternal(Ljavax/servlet/http/HttpServletRequest;Ljavax/servlet/http/HttpServletResponse;Ljavax/servlet/FilterChain;)V+95
j  org.springframework.web.filter.OncePerRequestFilter.doFilter(Ljavax/servlet/ServletRequest;Ljavax/servlet/ServletResponse;Ljavax/servlet/FilterChain;)V+111
j  org.apache.catalina.core.ApplicationFilterChain.internalDoFilter(Ljavax/servlet/ServletRequest;Ljavax/servlet/ServletResponse;)V+135
j  org.apache.catalina.core.ApplicationFilterChain.doFilter(Ljavax/servlet/ServletRequest;Ljavax/servlet/ServletResponse;)V+101
j  org.springframework.web.filter.HiddenHttpMethodFilter.doFilterInternal(Ljavax/servlet/http/HttpServletRequest;Ljavax/servlet/http/HttpServletResponse;Ljavax/servlet/FilterChain;)V+87
j  org.springframework.web.filter.OncePerRequestFilter.doFilter(Ljavax/servlet/ServletRequest;Ljavax/servlet/ServletResponse;Ljavax/servlet/FilterChain;)V+111
j  org.apache.catalina.core.ApplicationFilterChain.internalDoFilter(Ljavax/servlet/ServletRequest;Ljavax/servlet/ServletResponse;)V+135
j  org.apache.catalina.core.ApplicationFilterChain.doFilter(Ljavax/servlet/ServletRequest;Ljavax/servlet/ServletResponse;)V+101
j  org.springframework.web.filter.CharacterEncodingFilter.doFilterInternal(Ljavax/servlet/http/HttpServletRequest;Ljavax/servlet/http/HttpServletResponse;Ljavax/servlet/FilterChain;)V+53
j  org.springframework.web.filter.OncePerRequestFilter.doFilter(Ljavax/servlet/ServletRequest;Ljavax/servlet/ServletResponse;Ljavax/servlet/FilterChain;)V+111
j  org.apache.catalina.core.ApplicationFilterChain.internalDoFilter(Ljavax/servlet/ServletRequest;Ljavax/servlet/ServletResponse;)V+135
j  org.apache.catalina.core.ApplicationFilterChain.doFilter(Ljavax/servlet/ServletRequest;Ljavax/servlet/ServletResponse;)V+101
j  org.apache.catalina.core.StandardWrapperValve.invoke(Lorg/apache/catalina/connector/Request;Lorg/apache/catalina/connector/Response;)V+688
j  org.apache.catalina.core.StandardContextValve.invoke(Lorg/apache/catalina/connector/Request;Lorg/apache/catalina/connector/Response;)V+166
j  org.apache.catalina.authenticator.AuthenticatorBase.invoke(Lorg/apache/catalina/connector/Request;Lorg/apache/catalina/connector/Response;)V+254
j  org.apache.catalina.core.StandardHostValve.invoke(Lorg/apache/catalina/connector/Request;Lorg/apache/catalina/connector/Response;)V+138
j  org.apache.catalina.valves.ErrorReportValve.invoke(Lorg/apache/catalina/connector/Request;Lorg/apache/catalina/connector/Response;)V+6
j  org.apache.catalina.core.StandardEngineValve.invoke(Lorg/apache/catalina/connector/Request;Lorg/apache/catalina/connector/Response;)V+71
j  org.apache.catalina.connector.CoyoteAdapter.service(Lorg/apache/coyote/Request;Lorg/apache/coyote/Response;)V+199
j  org.apache.coyote.http11.Http11Processor.service(Lorg/apache/tomcat/util/net/SocketWrapperBase;)Lorg/apache/tomcat/util/net/AbstractEndpoint$Handler$SocketState;+806
j  org.apache.coyote.AbstractProcessorLight.process(Lorg/apache/tomcat/util/net/SocketWrapperBase;Lorg/apache/tomcat/util/net/SocketEvent;)Lorg/apache/tomcat/util/net/AbstractEndpoint$Handler$SocketState;+113
j  org.apache.coyote.AbstractProtocol$ConnectionHandler.process(Lorg/apache/tomcat/util/net/SocketWrapperBase;Lorg/apache/tomcat/util/net/SocketEvent;)Lorg/apache/tomcat/util/net/AbstractEndpoint$Handler$SocketState;+378
j  org.apache.tomcat.util.net.NioEndpoint$SocketProcessor.doRun()V+191
j  org.apache.tomcat.util.net.SocketProcessorBase.run()V+21
j  java.util.concurrent.ThreadPoolExecutor.runWorker(Ljava/util/concurrent/ThreadPoolExecutor$Worker;)V+92 java.base@11.0.2
j  java.util.concurrent.ThreadPoolExecutor$Worker.run()V+5 java.base@11.0.2
j  org.apache.tomcat.util.threads.TaskThread$WrappingRunnable.run()V+4
j  java.lang.Thread.run()V+11 java.base@11.0.2
v  ~StubRoutines::call_stub

siginfo: si_signo: 11 (SIGSEGV), si_code: 1 (SEGV_MAPERR), si_addr: 0x000000000000000c

Register to memory mapping:

RAX=0x0 is NULL
RBX=0x00007fae51f22030 is pointing into the stack for thread: 0x00007faec4800000
RCX=0x0 is NULL
RDX=0x0 is NULL
RSP=0x00007fae51f21fe0 is pointing into the stack for thread: 0x00007faec4800000
RBP=0x00007fae2c345290 points into unknown readable memory: 00 88 d6 2b ae 7f 00 00
RSI=0x0 is NULL
RDI=0x00007fae51f220f0 is pointing into the stack for thread: 0x00007faec4800000
R8 =0x0 is NULL
R9 =0x0 is NULL
R10=
[error occurred during error reporting (printing register info), id 0xb, SIGSEGV (0xb) at pc=0x00007faecbc5dada]

Registers:
RAX=0x0000000000000000, RBX=0x00007fae51f22030, RCX=0x0000000000000000, RDX=0x0000000000000000
RSP=0x00007fae51f21fe0, RBP=0x00007fae2c345290, RSI=0x0000000000000000, RDI=0x00007fae51f220f0
R8 =0x0000000000000000, R9 =0x0000000000000000, R10=0x00000000ffff8001, R11=0x00000000ffff8001
R12=0x00007fae2c3d4d80, R13=0x0000000000000000, R14=0x0000000000000000, R15=0x00007fae2c3d4d80
RIP=0x00007fae2b91bac7, EFLAGS=0x0000000000010246, CSGSFS=0x0000000000000033, ERR=0x0000000000000004
  TRAPNO=0x000000000000000e

Top of Stack: (sp=0x00007fae51f21fe0)
0x00007fae51f21fe0:   0000000000000000 0000000000000000
0x00007fae51f21ff0:   0000000000000000 00007fae2c3d1b00
0x00007fae51f22000:   00007fae2c3f7170 00007fae2c3d2cd0
0x00007fae51f22010:   0000000000000000 00007fae51f22040 

Instructions: (pc=0x00007fae2b91bac7)
0x00007fae2b91baa7:   13 00 00 41 83 fe 01 0f 84 ec fb ff ff e9 b9 fa
0x00007fae2b91bab7:   ff ff 0f 1f 80 00 00 00 00 48 8b 85 10 0b 00 00
0x00007fae2b91bac7:   80 78 0c 00 0f 84 9f fd ff ff 48 89 ef e8 17 82
0x00007fae2b91bad7:   0f 00 e9 92 fd ff ff 4c 89 e6 48 89 ef e8 e7 8b 

Stack slot to memory mapping:
stack at sp + 0 slots: 0x0 is NULL
stack at sp + 1 slots: 0x0 is NULL
stack at sp + 2 slots: 0x0 is NULL
stack at sp + 3 slots: 0x00007fae2c3d1b00 points into unknown readable memory: 00 1b 3d 2c ae 7f 00 00
stack at sp + 4 slots: 0x00007fae2c3f7170 points into unknown readable memory: 70 71 3f 2c ae 7f 00 00
stack at sp + 5 slots: 0x00007fae2c3d2cd0 points into unknown readable memory: d0 2c 3d 2c ae 7f 00 00
stack at sp + 6 slots: 0x0 is NULL
stack at sp + 7 slots: 0x00007fae51f22040 is pointing into the stack for thread: 0x00007faec4800000


---------------  P R O C E S S  ---------------

Threads class SMR info:
_java_thread_list=0x00007fae58312100, length=32, elements={
0x00007faec4011800, 0x00007faec41a3000, 0x00007faec41a7000, 0x00007faec41ba800,
0x00007faec41bc800, 0x00007faec41be800, 0x00007faec41c0800, 0x00007faec4236000,
0x00007faec4241800, 0x00007faec42f5000, 0x00007faec4340000, 0x00007fae5c02b000,
0x00007faec41f5800, 0x00007fae4c337800, 0x00007faec41f7000, 0x00007faec41f8800,
0x00007faec47fd800, 0x00007faec4800000, 0x00007faec4801800, 0x00007faec4803000,
0x00007faec4805000, 0x00007faec4807000, 0x00007faec4808800, 0x00007faec5449000,
0x00007faec544b000, 0x00007faec544d000, 0x00007faec544f000, 0x00007faec5454800,
0x00007faec5459000, 0x00007faec545b800, 0x00007faec545d000, 0x00007fae2c09a000
}

Java Threads: ( => current thread )
  0x00007faec4011800 JavaThread "main" [_thread_in_native, id=20906, stack(0x00007faecd688000,0x00007faecd789000)]
  0x00007faec41a3000 JavaThread "Reference Handler" daemon [_thread_blocked, id=20913, stack(0x00007faec822b000,0x00007faec832c000)]
  0x00007faec41a7000 JavaThread "Finalizer" daemon [_thread_blocked, id=20914, stack(0x00007faec812a000,0x00007faec822b000)]
  0x00007faec41ba800 JavaThread "Signal Dispatcher" daemon [_thread_blocked, id=20915, stack(0x00007faec8029000,0x00007faec812a000)]
  0x00007faec41bc800 JavaThread "C2 CompilerThread0" daemon [_thread_blocked, id=20916, stack(0x00007faeac086000,0x00007faeac187000)]
  0x00007faec41be800 JavaThread "C1 CompilerThread0" daemon [_thread_blocked, id=20917, stack(0x00007faea41bf000,0x00007faea42c0000)]
  0x00007faec41c0800 JavaThread "Sweeper thread" daemon [_thread_blocked, id=20918, stack(0x00007faea40be000,0x00007faea41bf000)]
  0x00007faec4236000 JavaThread "Service Thread" daemon [_thread_blocked, id=20919, stack(0x00007fae9dc26000,0x00007fae9dd27000)]
  0x00007faec4241800 JavaThread "Common-Cleaner" daemon [_thread_blocked, id=20921, stack(0x00007fae9da24000,0x00007fae9db25000)]
  0x00007faec42f5000 JavaThread "surefire-forkedjvm-command-thread" daemon [_thread_in_native, id=20922, stack(0x00007fae9d4fb000,0x00007fae9d5fc000)]
  0x00007faec4340000 JavaThread "surefire-forkedjvm-ping-30s" daemon [_thread_blocked, id=20923, stack(0x00007fae9cfef000,0x00007fae9d0f0000)]
  0x00007fae5c02b000 JavaThread "process reaper" daemon [_thread_blocked, id=20926, stack(0x00007faecd5c9000,0x00007faecd5eb000)]
  0x00007faec41f5800 JavaThread "Tomcat-startStop-1" daemon [_thread_blocked, id=20943, stack(0x00007fae9c01a000,0x00007fae9c11b000)]
  0x00007fae4c337800 JavaThread "localhost-startStop-1" daemon [_thread_blocked, id=20944, stack(0x00007fae530a6000,0x00007fae531a7000)]
  0x00007faec41f7000 JavaThread "ContainerBackgroundProcessor[StandardEngine[Tomcat]]" daemon [_thread_blocked, id=20947, stack(0x00007fae529a5000,0x00007fae52aa6000)]
  0x00007faec41f8800 JavaThread "container-0" [_thread_blocked, id=20948, stack(0x00007fae528a4000,0x00007fae529a5000)]
  0x00007faec47fd800 JavaThread "NioBlockingSelector.BlockPoller-1" daemon [_thread_in_native, id=20951, stack(0x00007fae51f27000,0x00007fae52028000)]
=>0x00007faec4800000 JavaThread "http-nio-auto-1-exec-1" daemon [_thread_in_native, id=20952, stack(0x00007fae51e26000,0x00007fae51f27000)]
  0x00007faec4801800 JavaThread "http-nio-auto-1-exec-2" daemon [_thread_blocked, id=20953, stack(0x00007fae51d25000,0x00007fae51e26000)]
  0x00007faec4803000 JavaThread "http-nio-auto-1-exec-3" daemon [_thread_blocked, id=20954, stack(0x00007fae51c24000,0x00007fae51d25000)]
  0x00007faec4805000 JavaThread "http-nio-auto-1-exec-4" daemon [_thread_blocked, id=20955, stack(0x00007fae51b23000,0x00007fae51c24000)]
  0x00007faec4807000 JavaThread "http-nio-auto-1-exec-5" daemon [_thread_blocked, id=20956, stack(0x00007fae51a22000,0x00007fae51b23000)]
  0x00007faec4808800 JavaThread "http-nio-auto-1-exec-6" daemon [_thread_blocked, id=20957, stack(0x00007fae51921000,0x00007fae51a22000)]
  0x00007faec5449000 JavaThread "http-nio-auto-1-exec-7" daemon [_thread_blocked, id=20958, stack(0x00007fae51820000,0x00007fae51921000)]
  0x00007faec544b000 JavaThread "http-nio-auto-1-exec-8" daemon [_thread_blocked, id=20959, stack(0x00007fae5171f000,0x00007fae51820000)]
  0x00007faec544d000 JavaThread "http-nio-auto-1-exec-9" daemon [_thread_blocked, id=20960, stack(0x00007fae5161e000,0x00007fae5171f000)]
  0x00007faec544f000 JavaThread "http-nio-auto-1-exec-10" daemon [_thread_blocked, id=20961, stack(0x00007fae5151d000,0x00007fae5161e000)]
  0x00007faec5454800 JavaThread "http-nio-auto-1-ClientPoller-0" daemon [_thread_in_native, id=20962, stack(0x00007fae5141c000,0x00007fae5151d000)]
  0x00007faec5459000 JavaThread "http-nio-auto-1-ClientPoller-1" daemon [_thread_in_native, id=20963, stack(0x00007fae5131b000,0x00007fae5141c000)]
  0x00007faec545b800 JavaThread "http-nio-auto-1-Acceptor-0" daemon [_thread_in_native, id=20964, stack(0x00007fae5121a000,0x00007fae5131b000)]
  0x00007faec545d000 JavaThread "http-nio-auto-1-37246-AsyncTimeout" daemon [_thread_blocked, id=20965, stack(0x00007fae51119000,0x00007fae5121a000)]
  0x00007fae2c09a000 JavaThread "Java2D Disposer" daemon [_thread_blocked, id=20966, stack(0x00007fae5073f000,0x00007fae50840000)]

Other Threads:
  0x00007faec419a800 VMThread "VM Thread" [stack: 0x00007faec832d000,0x00007faec842d000] [id=20912]
  0x00007faec4238800 WatcherThread [stack: 0x00007fae9db26000,0x00007fae9dc26000] [id=20920]
  0x00007faec4027800 GCTaskThread "GC Thread#0" [stack: 0x00007faec9c37000,0x00007faec9d37000] [id=20907]
  0x00007fae90001000 GCTaskThread "GC Thread#1" [stack: 0x00007fae9ccef000,0x00007fae9cdef000] [id=20927]
  0x00007fae9000d800 GCTaskThread "GC Thread#2" [stack: 0x00007fae538a9000,0x00007fae539a9000] [id=20936]
  0x00007fae9000e800 GCTaskThread "GC Thread#3" [stack: 0x00007fae537a8000,0x00007fae538a8000] [id=20937]
  0x00007faec4058000 ConcurrentGCThread "G1 Main Marker" [stack: 0x00007faec8bb6000,0x00007faec8cb6000] [id=20908]
  0x00007faec405a000 ConcurrentGCThread "G1 Conc#0" [stack: 0x00007faec8ab5000,0x00007faec8bb5000] [id=20909]
  0x00007faec40d2000 ConcurrentGCThread "G1 Refine#0" [stack: 0x00007faec85b0000,0x00007faec86b0000] [id=20910]
  0x00007faec40d4000 ConcurrentGCThread "G1 Young RemSet Sampling" [stack: 0x00007faec84af000,0x00007faec85af000] [id=20911]

Threads with active compile tasks:

VM state:not at safepoint (normal execution)

VM Mutex/Monitor currently owned by a thread: None

Heap address: 0x0000000085800000, size: 1960 MB, Compressed Oops mode: 32-bit
Narrow klass base: 0x0000000000000000, Narrow klass shift: 3
Compressed class space size: 1073741824 Address: 0x0000000100000000

Heap:
 garbage-first heap   total 232448K, used 144753K [0x0000000085800000, 0x0000000100000000)
  region size 1024K, 7 young (7168K), 6 survivors (6144K)
 Metaspace       used 53006K, capacity 54208K, committed 54396K, reserved 1097728K
  class space    used 6336K, capacity 6830K, committed 6860K, reserved 1048576K
Heap Regions: E=young(eden), S=young(survivor), O=old, HS=humongous(starts), HC=humongous(continues), CS=collection set, F=free, A=archive, TAMS=top-at-mark-start (previous, next)
|   0|0x0000000085800000, 0x0000000085900000, 0x0000000085900000|100%| O|  |TAMS 0x0000000085900000, 0x0000000085800000| Untracked 
|   1|0x0000000085900000, 0x0000000085a00000, 0x0000000085a00000|100%| O|  |TAMS 0x0000000085a00000, 0x0000000085900000| Untracked 
|   2|0x0000000085a00000, 0x0000000085b00000, 0x0000000085b00000|100%| O|  |TAMS 0x0000000085b00000, 0x0000000085a00000| Untracked 
|   3|0x0000000085b00000, 0x0000000085c00000, 0x0000000085c00000|100%| O|  |TAMS 0x0000000085c00000, 0x0000000085b00000| Untracked 
|   4|0x0000000085c00000, 0x0000000085d00000, 0x0000000085d00000|100%| O|  |TAMS 0x0000000085d00000, 0x0000000085c00000| Untracked 
|   5|0x0000000085d00000, 0x0000000085e00000, 0x0000000085e00000|100%| O|  |TAMS 0x0000000085e00000, 0x0000000085d00000| Untracked 
|   6|0x0000000085e00000, 0x0000000085f00000, 0x0000000085f00000|100%| O|  |TAMS 0x0000000085f00000, 0x0000000085e00000| Untracked 
|   7|0x0000000085f00000, 0x0000000086000000, 0x0000000086000000|100%| O|  |TAMS 0x0000000086000000, 0x0000000085f00000| Untracked 
|   8|0x0000000086000000, 0x0000000086100000, 0x0000000086100000|100%| O|  |TAMS 0x0000000086100000, 0x0000000086000000| Untracked 
|   9|0x0000000086100000, 0x0000000086200000, 0x0000000086200000|100%| O|  |TAMS 0x0000000086200000, 0x0000000086100000| Untracked 
|  10|0x0000000086200000, 0x0000000086300000, 0x0000000086300000|100%| O|  |TAMS 0x0000000086300000, 0x0000000086200000| Untracked 
|  11|0x0000000086300000, 0x0000000086400000, 0x0000000086400000|100%| O|  |TAMS 0x0000000086400000, 0x0000000086300000| Untracked 
|  12|0x0000000086400000, 0x0000000086500000, 0x0000000086500000|100%| O|  |TAMS 0x0000000086500000, 0x0000000086400000| Untracked 
|  13|0x0000000086500000, 0x0000000086600000, 0x0000000086600000|100%| O|  |TAMS 0x0000000086600000, 0x0000000086500000| Untracked 
|  14|0x0000000086600000, 0x0000000086700000, 0x0000000086700000|100%| O|  |TAMS 0x0000000086700000, 0x0000000086600000| Untracked 
|  15|0x0000000086700000, 0x0000000086800000, 0x0000000086800000|100%| O|  |TAMS 0x0000000086800000, 0x0000000086700000| Untracked 
|  16|0x0000000086800000, 0x0000000086900000, 0x0000000086900000|100%| O|  |TAMS 0x0000000086900000, 0x0000000086800000| Untracked 
|  17|0x0000000086900000, 0x0000000086a00000, 0x0000000086a00000|100%| O|  |TAMS 0x0000000086a00000, 0x0000000086900000| Untracked 
|  18|0x0000000086a00000, 0x0000000086b00000, 0x0000000086b00000|100%| O|  |TAMS 0x0000000086b00000, 0x0000000086a00000| Untracked 
|  19|0x0000000086b00000, 0x0000000086c00000, 0x0000000086c00000|100%| O|  |TAMS 0x0000000086c00000, 0x0000000086b00000| Untracked 
|  20|0x0000000086c00000, 0x0000000086d00000, 0x0000000086d00000|100%| O|  |TAMS 0x0000000086d00000, 0x0000000086c00000| Untracked 
|  21|0x0000000086d00000, 0x0000000086d95a00, 0x0000000086e00000| 58%| O|  |TAMS 0x0000000086d95a00, 0x0000000086d00000| Untracked 
|  22|0x0000000086e00000, 0x0000000086e00000, 0x0000000086f00000|  0%| F|  |TAMS 0x0000000086e00000, 0x0000000086e00000| Untracked 
|  23|0x0000000086f00000, 0x0000000086f00000, 0x0000000087000000|  0%| F|  |TAMS 0x0000000086f00000, 0x0000000086f00000| Untracked 
|  24|0x0000000087000000, 0x0000000087000000, 0x0000000087100000|  0%| F|  |TAMS 0x0000000087000000, 0x0000000087000000| Untracked 
|  25|0x0000000087100000, 0x0000000087200000, 0x0000000087200000|100%|HS|  |TAMS 0x0000000087200000, 0x0000000087100000| Complete 
|  26|0x0000000087200000, 0x0000000087300000, 0x0000000087300000|100%|HC|  |TAMS 0x0000000087300000, 0x0000000087200000| Complete 
|  27|0x0000000087300000, 0x0000000087400000, 0x0000000087400000|100%|HC|  |TAMS 0x0000000087400000, 0x0000000087300000| Complete 
|  28|0x0000000087400000, 0x0000000087500000, 0x0000000087500000|100%|HS|  |TAMS 0x0000000087500000, 0x0000000087400000| Complete 
|  29|0x0000000087500000, 0x0000000087600000, 0x0000000087600000|100%|HC|  |TAMS 0x0000000087600000, 0x0000000087500000| Complete 
|  30|0x0000000087600000, 0x0000000087600000, 0x0000000087700000|  0%| F|  |TAMS 0x0000000087600000, 0x0000000087600000| Untracked 
|  31|0x0000000087700000, 0x0000000087700000, 0x0000000087800000|  0%| F|  |TAMS 0x0000000087700000, 0x0000000087700000| Untracked 
|  32|0x0000000087800000, 0x0000000087800000, 0x0000000087900000|  0%| F|  |TAMS 0x0000000087800000, 0x0000000087800000| Untracked 
|  33|0x0000000087900000, 0x0000000087900000, 0x0000000087a00000|  0%| F|  |TAMS 0x0000000087900000, 0x0000000087900000| Untracked 
|  34|0x0000000087a00000, 0x0000000087a00000, 0x0000000087b00000|  0%| F|  |TAMS 0x0000000087a00000, 0x0000000087a00000| Untracked 
|  35|0x0000000087b00000, 0x0000000087b00000, 0x0000000087c00000|  0%| F|  |TAMS 0x0000000087b00000, 0x0000000087b00000| Untracked 
|  36|0x0000000087c00000, 0x0000000087c00000, 0x0000000087d00000|  0%| F|  |TAMS 0x0000000087c00000, 0x0000000087c00000| Untracked 
|  37|0x0000000087d00000, 0x0000000087d00000, 0x0000000087e00000|  0%| F|  |TAMS 0x0000000087d00000, 0x0000000087d00000| Untracked 
|  38|0x0000000087e00000, 0x0000000087f00000, 0x0000000087f00000|100%|HS|  |TAMS 0x0000000087f00000, 0x0000000087e00000| Complete 
|  39|0x0000000087f00000, 0x0000000088000000, 0x0000000088000000|100%|HC|  |TAMS 0x0000000088000000, 0x0000000087f00000| Complete 
|  40|0x0000000088000000, 0x0000000088100000, 0x0000000088100000|100%|HC|  |TAMS 0x0000000088100000, 0x0000000088000000| Complete 
|  41|0x0000000088100000, 0x0000000088200000, 0x0000000088200000|100%|HC|  |TAMS 0x0000000088200000, 0x0000000088100000| Complete 
|  42|0x0000000088200000, 0x0000000088300000, 0x0000000088300000|100%|HC|  |TAMS 0x0000000088300000, 0x0000000088200000| Complete 
|  43|0x0000000088300000, 0x0000000088400000, 0x0000000088400000|100%|HC|  |TAMS 0x0000000088400000, 0x0000000088300000| Complete 
|  44|0x0000000088400000, 0x0000000088500000, 0x0000000088500000|100%|HC|  |TAMS 0x0000000088500000, 0x0000000088400000| Complete 
|  45|0x0000000088500000, 0x0000000088600000, 0x0000000088600000|100%|HC|  |TAMS 0x0000000088600000, 0x0000000088500000| Complete 
|  46|0x0000000088600000, 0x0000000088700000, 0x0000000088700000|100%|HC|  |TAMS 0x0000000088700000, 0x0000000088600000| Complete 
|  47|0x0000000088700000, 0x0000000088800000, 0x0000000088800000|100%|HC|  |TAMS 0x0000000088800000, 0x0000000088700000| Complete 
|  48|0x0000000088800000, 0x0000000088900000, 0x0000000088900000|100%|HC|  |TAMS 0x0000000088900000, 0x0000000088800000| Complete 
|  49|0x0000000088900000, 0x0000000088a00000, 0x0000000088a00000|100%|HC|  |TAMS 0x0000000088a00000, 0x0000000088900000| Complete 
|  50|0x0000000088a00000, 0x0000000088b00000, 0x0000000088b00000|100%|HC|  |TAMS 0x0000000088b00000, 0x0000000088a00000| Complete 
|  51|0x0000000088b00000, 0x0000000088c00000, 0x0000000088c00000|100%|HC|  |TAMS 0x0000000088c00000, 0x0000000088b00000| Complete 
|  52|0x0000000088c00000, 0x0000000088d00000, 0x0000000088d00000|100%|HC|  |TAMS 0x0000000088d00000, 0x0000000088c00000| Complete 
|  53|0x0000000088d00000, 0x0000000088e00000, 0x0000000088e00000|100%|HC|  |TAMS 0x0000000088e00000, 0x0000000088d00000| Complete 
|  54|0x0000000088e00000, 0x0000000088f00000, 0x0000000088f00000|100%|HC|  |TAMS 0x0000000088f00000, 0x0000000088e00000| Complete 
|  55|0x0000000088f00000, 0x0000000089000000, 0x0000000089000000|100%|HC|  |TAMS 0x0000000089000000, 0x0000000088f00000| Complete 
|  56|0x0000000089000000, 0x0000000089100000, 0x0000000089100000|100%|HC|  |TAMS 0x0000000089100000, 0x0000000089000000| Complete 
|  57|0x0000000089100000, 0x0000000089200000, 0x0000000089200000|100%|HC|  |TAMS 0x0000000089200000, 0x0000000089100000| Complete 
|  58|0x0000000089200000, 0x0000000089300000, 0x0000000089300000|100%|HC|  |TAMS 0x0000000089300000, 0x0000000089200000| Complete 
|  59|0x0000000089300000, 0x0000000089400000, 0x0000000089400000|100%|HC|  |TAMS 0x0000000089400000, 0x0000000089300000| Complete 
|  60|0x0000000089400000, 0x0000000089500000, 0x0000000089500000|100%|HC|  |TAMS 0x0000000089500000, 0x0000000089400000| Complete 
|  61|0x0000000089500000, 0x0000000089600000, 0x0000000089600000|100%|HC|  |TAMS 0x0000000089600000, 0x0000000089500000| Complete 
|  62|0x0000000089600000, 0x0000000089700000, 0x0000000089700000|100%|HC|  |TAMS 0x0000000089700000, 0x0000000089600000| Complete 
|  63|0x0000000089700000, 0x0000000089700000, 0x0000000089800000|  0%| F|  |TAMS 0x0000000089700000, 0x0000000089700000| Untracked 
|  64|0x0000000089800000, 0x0000000089800000, 0x0000000089900000|  0%| F|  |TAMS 0x0000000089800000, 0x0000000089800000| Untracked 
|  65|0x0000000089900000, 0x0000000089900000, 0x0000000089a00000|  0%| F|  |TAMS 0x0000000089900000, 0x0000000089900000| Untracked 
|  66|0x0000000089a00000, 0x0000000089a00000, 0x0000000089b00000|  0%| F|  |TAMS 0x0000000089a00000, 0x0000000089a00000| Untracked 
|  67|0x0000000089b00000, 0x0000000089b00000, 0x0000000089c00000|  0%| F|  |TAMS 0x0000000089b00000, 0x0000000089b00000| Untracked 
|  68|0x0000000089c00000, 0x0000000089c00000, 0x0000000089d00000|  0%| F|  |TAMS 0x0000000089c00000, 0x0000000089c00000| Untracked 
|  69|0x0000000089d00000, 0x0000000089d00000, 0x0000000089e00000|  0%| F|  |TAMS 0x0000000089d00000, 0x0000000089d00000| Untracked 
|  70|0x0000000089e00000, 0x0000000089e00000, 0x0000000089f00000|  0%| F|  |TAMS 0x0000000089e00000, 0x0000000089e00000| Untracked 
|  71|0x0000000089f00000, 0x0000000089f00000, 0x000000008a000000|  0%| F|  |TAMS 0x0000000089f00000, 0x0000000089f00000| Untracked 
|  72|0x000000008a000000, 0x000000008a000000, 0x000000008a100000|  0%| F|  |TAMS 0x000000008a000000, 0x000000008a000000| Untracked 
|  73|0x000000008a100000, 0x000000008a100000, 0x000000008a200000|  0%| F|  |TAMS 0x000000008a100000, 0x000000008a100000| Untracked 
|  74|0x000000008a200000, 0x000000008a200000, 0x000000008a300000|  0%| F|  |TAMS 0x000000008a200000, 0x000000008a200000| Untracked 
|  75|0x000000008a300000, 0x000000008a400000, 0x000000008a400000|100%|HS|  |TAMS 0x000000008a400000, 0x000000008a300000| Complete 
|  76|0x000000008a400000, 0x000000008a500000, 0x000000008a500000|100%|HC|  |TAMS 0x000000008a500000, 0x000000008a400000| Complete 
|  77|0x000000008a500000, 0x000000008a600000, 0x000000008a600000|100%|HC|  |TAMS 0x000000008a600000, 0x000000008a500000| Complete 
|  78|0x000000008a600000, 0x000000008a700000, 0x000000008a700000|100%|HC|  |TAMS 0x000000008a700000, 0x000000008a600000| Complete 
|  79|0x000000008a700000, 0x000000008a800000, 0x000000008a800000|100%|HC|  |TAMS 0x000000008a800000, 0x000000008a700000| Complete 
|  80|0x000000008a800000, 0x000000008a900000, 0x000000008a900000|100%|HC|  |TAMS 0x000000008a900000, 0x000000008a800000| Complete 
|  81|0x000000008a900000, 0x000000008aa00000, 0x000000008aa00000|100%|HC|  |TAMS 0x000000008aa00000, 0x000000008a900000| Complete 
|  82|0x000000008aa00000, 0x000000008ab00000, 0x000000008ab00000|100%|HC|  |TAMS 0x000000008ab00000, 0x000000008aa00000| Complete 
|  83|0x000000008ab00000, 0x000000008ac00000, 0x000000008ac00000|100%|HC|  |TAMS 0x000000008ac00000, 0x000000008ab00000| Complete 
|  84|0x000000008ac00000, 0x000000008ad00000, 0x000000008ad00000|100%|HS|  |TAMS 0x000000008ac00000, 0x000000008ac00000| Complete 
|  85|0x000000008ad00000, 0x000000008ae00000, 0x000000008ae00000|100%|HC|  |TAMS 0x000000008ad00000, 0x000000008ad00000| Complete 
|  86|0x000000008ae00000, 0x000000008af00000, 0x000000008af00000|100%|HC|  |TAMS 0x000000008ae00000, 0x000000008ae00000| Complete 
|  87|0x000000008af00000, 0x000000008b000000, 0x000000008b000000|100%|HC|  |TAMS 0x000000008af00000, 0x000000008af00000| Complete 
|  88|0x000000008b000000, 0x000000008b100000, 0x000000008b100000|100%|HC|  |TAMS 0x000000008b000000, 0x000000008b000000| Complete 
|  89|0x000000008b100000, 0x000000008b200000, 0x000000008b200000|100%|HC|  |TAMS 0x000000008b100000, 0x000000008b100000| Complete 
|  90|0x000000008b200000, 0x000000008b300000, 0x000000008b300000|100%|HC|  |TAMS 0x000000008b200000, 0x000000008b200000| Complete 
|  91|0x000000008b300000, 0x000000008b400000, 0x000000008b400000|100%|HC|  |TAMS 0x000000008b300000, 0x000000008b300000| Complete 
|  92|0x000000008b400000, 0x000000008b500000, 0x000000008b500000|100%|HC|  |TAMS 0x000000008b400000, 0x000000008b400000| Complete 
|  93|0x000000008b500000, 0x000000008b600000, 0x000000008b600000|100%|HC|  |TAMS 0x000000008b500000, 0x000000008b500000| Complete 
|  94|0x000000008b600000, 0x000000008b700000, 0x000000008b700000|100%|HC|  |TAMS 0x000000008b600000, 0x000000008b600000| Complete 
|  95|0x000000008b700000, 0x000000008b800000, 0x000000008b800000|100%|HC|  |TAMS 0x000000008b700000, 0x000000008b700000| Complete 
|  96|0x000000008b800000, 0x000000008b900000, 0x000000008b900000|100%|HC|  |TAMS 0x000000008b800000, 0x000000008b800000| Complete 
|  97|0x000000008b900000, 0x000000008ba00000, 0x000000008ba00000|100%|HC|  |TAMS 0x000000008b900000, 0x000000008b900000| Complete 
|  98|0x000000008ba00000, 0x000000008bb00000, 0x000000008bb00000|100%|HC|  |TAMS 0x000000008ba00000, 0x000000008ba00000| Complete 
|  99|0x000000008bb00000, 0x000000008bc00000, 0x000000008bc00000|100%|HC|  |TAMS 0x000000008bb00000, 0x000000008bb00000| Complete 
| 100|0x000000008bc00000, 0x000000008bd00000, 0x000000008bd00000|100%|HC|  |TAMS 0x000000008bc00000, 0x000000008bc00000| Complete 
| 101|0x000000008bd00000, 0x000000008bd00000, 0x000000008be00000|  0%| F|  |TAMS 0x000000008bd00000, 0x000000008bd00000| Untracked 
| 102|0x000000008be00000, 0x000000008be00000, 0x000000008bf00000|  0%| F|  |TAMS 0x000000008be00000, 0x000000008be00000| Untracked 
| 103|0x000000008bf00000, 0x000000008bf00000, 0x000000008c000000|  0%| F|  |TAMS 0x000000008bf00000, 0x000000008bf00000| Untracked 
| 104|0x000000008c000000, 0x000000008c000000, 0x000000008c100000|  0%| F|  |TAMS 0x000000008c000000, 0x000000008c000000| Untracked 
| 105|0x000000008c100000, 0x000000008c100000, 0x000000008c200000|  0%| F|  |TAMS 0x000000008c100000, 0x000000008c100000| Untracked 
| 106|0x000000008c200000, 0x000000008c200000, 0x000000008c300000|  0%| F|  |TAMS 0x000000008c200000, 0x000000008c200000| Untracked 
| 107|0x000000008c300000, 0x000000008c300000, 0x000000008c400000|  0%| F|  |TAMS 0x000000008c300000, 0x000000008c300000| Untracked 
| 108|0x000000008c400000, 0x000000008c400000, 0x000000008c500000|  0%| F|  |TAMS 0x000000008c400000, 0x000000008c400000| Untracked 
| 109|0x000000008c500000, 0x000000008c500000, 0x000000008c600000|  0%| F|  |TAMS 0x000000008c500000, 0x000000008c500000| Untracked 
| 110|0x000000008c600000, 0x000000008c600000, 0x000000008c700000|  0%| F|  |TAMS 0x000000008c600000, 0x000000008c600000| Untracked 
| 111|0x000000008c700000, 0x000000008c700000, 0x000000008c800000|  0%| F|  |TAMS 0x000000008c700000, 0x000000008c700000| Untracked 
| 112|0x000000008c800000, 0x000000008c800000, 0x000000008c900000|  0%| F|  |TAMS 0x000000008c800000, 0x000000008c800000| Untracked 
| 113|0x000000008c900000, 0x000000008c900000, 0x000000008ca00000|  0%| F|  |TAMS 0x000000008c900000, 0x000000008c900000| Untracked 
| 114|0x000000008ca00000, 0x000000008ca00000, 0x000000008cb00000|  0%| F|  |TAMS 0x000000008ca00000, 0x000000008ca00000| Untracked 
| 115|0x000000008cb00000, 0x000000008cbc6d08, 0x000000008cc00000| 77%| S|CS|TAMS 0x000000008cb00000, 0x000000008cb00000| Complete 
| 116|0x000000008cc00000, 0x000000008cd00000, 0x000000008cd00000|100%| S|CS|TAMS 0x000000008cc00000, 0x000000008cc00000| Complete 
| 117|0x000000008cd00000, 0x000000008ce00000, 0x000000008ce00000|100%| S|CS|TAMS 0x000000008cd00000, 0x000000008cd00000| Complete 
| 118|0x000000008ce00000, 0x000000008cf00000, 0x000000008cf00000|100%| S|CS|TAMS 0x000000008ce00000, 0x000000008ce00000| Complete 
| 119|0x000000008cf00000, 0x000000008d000000, 0x000000008d000000|100%| S|CS|TAMS 0x000000008cf00000, 0x000000008cf00000| Complete 
| 120|0x000000008d000000, 0x000000008d100000, 0x000000008d100000|100%| S|CS|TAMS 0x000000008d000000, 0x000000008d000000| Complete 
| 121|0x000000008d100000, 0x000000008d100000, 0x000000008d200000|  0%| F|  |TAMS 0x000000008d100000, 0x000000008d100000| Untracked 
| 122|0x000000008d200000, 0x000000008d200000, 0x000000008d300000|  0%| F|  |TAMS 0x000000008d200000, 0x000000008d200000| Untracked 
| 123|0x000000008d300000, 0x000000008d300000, 0x000000008d400000|  0%| F|  |TAMS 0x000000008d300000, 0x000000008d300000| Untracked 
| 124|0x000000008d400000, 0x000000008d400000, 0x000000008d500000|  0%| F|  |TAMS 0x000000008d400000, 0x000000008d400000| Untracked 
| 125|0x000000008d500000, 0x000000008d500000, 0x000000008d600000|  0%| F|  |TAMS 0x000000008d500000, 0x000000008d500000| Untracked 
| 126|0x000000008d600000, 0x000000008d600000, 0x000000008d700000|  0%| F|  |TAMS 0x000000008d600000, 0x000000008d600000| Untracked 
| 127|0x000000008d700000, 0x000000008d700000, 0x000000008d800000|  0%| F|  |TAMS 0x000000008d700000, 0x000000008d700000| Untracked 
| 128|0x000000008d800000, 0x000000008d800000, 0x000000008d900000|  0%| F|  |TAMS 0x000000008d800000, 0x000000008d800000| Untracked 
| 129|0x000000008d900000, 0x000000008d900000, 0x000000008da00000|  0%| F|  |TAMS 0x000000008d900000, 0x000000008d900000| Untracked 
| 130|0x000000008da00000, 0x000000008da00000, 0x000000008db00000|  0%| F|  |TAMS 0x000000008da00000, 0x000000008da00000| Untracked 
| 131|0x000000008db00000, 0x000000008db00000, 0x000000008dc00000|  0%| F|  |TAMS 0x000000008db00000, 0x000000008db00000| Untracked 
| 132|0x000000008dc00000, 0x000000008dc00000, 0x000000008dd00000|  0%| F|  |TAMS 0x000000008dc00000, 0x000000008dc00000| Untracked 
| 133|0x000000008dd00000, 0x000000008dd00000, 0x000000008de00000|  0%| F|  |TAMS 0x000000008dd00000, 0x000000008dd00000| Untracked 
| 134|0x000000008de00000, 0x000000008de00000, 0x000000008df00000|  0%| F|  |TAMS 0x000000008de00000, 0x000000008de00000| Untracked 
| 135|0x000000008df00000, 0x000000008df00000, 0x000000008e000000|  0%| F|  |TAMS 0x000000008df00000, 0x000000008df00000| Untracked 
| 136|0x000000008e000000, 0x000000008e000000, 0x000000008e100000|  0%| F|  |TAMS 0x000000008e000000, 0x000000008e000000| Untracked 
| 137|0x000000008e100000, 0x000000008e100000, 0x000000008e200000|  0%| F|  |TAMS 0x000000008e100000, 0x000000008e100000| Untracked 
| 138|0x000000008e200000, 0x000000008e200000, 0x000000008e300000|  0%| F|  |TAMS 0x000000008e200000, 0x000000008e200000| Untracked 
| 139|0x000000008e300000, 0x000000008e300000, 0x000000008e400000|  0%| F|  |TAMS 0x000000008e300000, 0x000000008e300000| Untracked 
| 140|0x000000008e400000, 0x000000008e400000, 0x000000008e500000|  0%| F|  |TAMS 0x000000008e400000, 0x000000008e400000| Untracked 
| 141|0x000000008e500000, 0x000000008e500000, 0x000000008e600000|  0%| F|  |TAMS 0x000000008e500000, 0x000000008e500000| Untracked 
| 142|0x000000008e600000, 0x000000008e600000, 0x000000008e700000|  0%| F|  |TAMS 0x000000008e600000, 0x000000008e600000| Untracked 
| 143|0x000000008e700000, 0x000000008e700000, 0x000000008e800000|  0%| F|  |TAMS 0x000000008e700000, 0x000000008e700000| Untracked 
| 144|0x000000008e800000, 0x000000008e800000, 0x000000008e900000|  0%| F|  |TAMS 0x000000008e800000, 0x000000008e800000| Untracked 
| 145|0x000000008e900000, 0x000000008e900000, 0x000000008ea00000|  0%| F|  |TAMS 0x000000008e900000, 0x000000008e900000| Untracked 
| 146|0x000000008ea00000, 0x000000008ea00000, 0x000000008eb00000|  0%| F|  |TAMS 0x000000008ea00000, 0x000000008ea00000| Untracked 
| 147|0x000000008eb00000, 0x000000008eb00000, 0x000000008ec00000|  0%| F|  |TAMS 0x000000008eb00000, 0x000000008eb00000| Untracked 
| 148|0x000000008ec00000, 0x000000008ec00000, 0x000000008ed00000|  0%| F|  |TAMS 0x000000008ec00000, 0x000000008ec00000| Untracked 
| 149|0x000000008ed00000, 0x000000008ee00000, 0x000000008ee00000|100%|HS|  |TAMS 0x000000008ee00000, 0x000000008ed00000| Complete 
| 150|0x000000008ee00000, 0x000000008ef00000, 0x000000008ef00000|100%|HC|  |TAMS 0x000000008ef00000, 0x000000008ee00000| Complete 
| 151|0x000000008ef00000, 0x000000008f000000, 0x000000008f000000|100%|HC|  |TAMS 0x000000008f000000, 0x000000008ef00000| Complete 
| 152|0x000000008f000000, 0x000000008f100000, 0x000000008f100000|100%|HC|  |TAMS 0x000000008f100000, 0x000000008f000000| Complete 
| 153|0x000000008f100000, 0x000000008f200000, 0x000000008f200000|100%|HC|  |TAMS 0x000000008f200000, 0x000000008f100000| Complete 
| 154|0x000000008f200000, 0x000000008f300000, 0x000000008f300000|100%|HC|  |TAMS 0x000000008f300000, 0x000000008f200000| Complete 
| 155|0x000000008f300000, 0x000000008f400000, 0x000000008f400000|100%|HC|  |TAMS 0x000000008f400000, 0x000000008f300000| Complete 
| 156|0x000000008f400000, 0x000000008f500000, 0x000000008f500000|100%|HC|  |TAMS 0x000000008f500000, 0x000000008f400000| Complete 
| 157|0x000000008f500000, 0x000000008f600000, 0x000000008f600000|100%|HC|  |TAMS 0x000000008f600000, 0x000000008f500000| Complete 
| 158|0x000000008f600000, 0x000000008f700000, 0x000000008f700000|100%|HC|  |TAMS 0x000000008f700000, 0x000000008f600000| Complete 
| 159|0x000000008f700000, 0x000000008f800000, 0x000000008f800000|100%|HC|  |TAMS 0x000000008f800000, 0x000000008f700000| Complete 
| 160|0x000000008f800000, 0x000000008f900000, 0x000000008f900000|100%|HC|  |TAMS 0x000000008f900000, 0x000000008f800000| Complete 
| 161|0x000000008f900000, 0x000000008fa00000, 0x000000008fa00000|100%|HC|  |TAMS 0x000000008fa00000, 0x000000008f900000| Complete 
| 162|0x000000008fa00000, 0x000000008fb00000, 0x000000008fb00000|100%|HC|  |TAMS 0x000000008fb00000, 0x000000008fa00000| Complete 
| 163|0x000000008fb00000, 0x000000008fc00000, 0x000000008fc00000|100%|HC|  |TAMS 0x000000008fc00000, 0x000000008fb00000| Complete 
| 164|0x000000008fc00000, 0x000000008fd00000, 0x000000008fd00000|100%|HC|  |TAMS 0x000000008fd00000, 0x000000008fc00000| Complete 
| 165|0x000000008fd00000, 0x000000008fe00000, 0x000000008fe00000|100%|HC|  |TAMS 0x000000008fe00000, 0x000000008fd00000| Complete 
| 166|0x000000008fe00000, 0x000000008ff00000, 0x000000008ff00000|100%|HC|  |TAMS 0x000000008ff00000, 0x000000008fe00000| Complete 
| 167|0x000000008ff00000, 0x0000000090000000, 0x0000000090000000|100%|HC|  |TAMS 0x0000000090000000, 0x000000008ff00000| Complete 
| 168|0x0000000090000000, 0x0000000090100000, 0x0000000090100000|100%|HC|  |TAMS 0x0000000090100000, 0x0000000090000000| Complete 
| 169|0x0000000090100000, 0x0000000090200000, 0x0000000090200000|100%|HC|  |TAMS 0x0000000090200000, 0x0000000090100000| Complete 
| 170|0x0000000090200000, 0x0000000090300000, 0x0000000090300000|100%|HC|  |TAMS 0x0000000090300000, 0x0000000090200000| Complete 
| 171|0x0000000090300000, 0x0000000090400000, 0x0000000090400000|100%|HC|  |TAMS 0x0000000090400000, 0x0000000090300000| Complete 
| 172|0x0000000090400000, 0x0000000090500000, 0x0000000090500000|100%|HC|  |TAMS 0x0000000090500000, 0x0000000090400000| Complete 
| 173|0x0000000090500000, 0x0000000090600000, 0x0000000090600000|100%|HC|  |TAMS 0x0000000090600000, 0x0000000090500000| Complete 
| 174|0x0000000090600000, 0x0000000090700000, 0x0000000090700000|100%|HS|  |TAMS 0x0000000090600000, 0x0000000090600000| Complete 
| 175|0x0000000090700000, 0x0000000090800000, 0x0000000090800000|100%|HC|  |TAMS 0x0000000090700000, 0x0000000090700000| Complete 
| 176|0x0000000090800000, 0x0000000090900000, 0x0000000090900000|100%|HC|  |TAMS 0x0000000090800000, 0x0000000090800000| Complete 
| 177|0x0000000090900000, 0x0000000090a00000, 0x0000000090a00000|100%|HC|  |TAMS 0x0000000090900000, 0x0000000090900000| Complete 
| 178|0x0000000090a00000, 0x0000000090b00000, 0x0000000090b00000|100%|HC|  |TAMS 0x0000000090a00000, 0x0000000090a00000| Complete 
| 179|0x0000000090b00000, 0x0000000090c00000, 0x0000000090c00000|100%|HC|  |TAMS 0x0000000090b00000, 0x0000000090b00000| Complete 
| 180|0x0000000090c00000, 0x0000000090d00000, 0x0000000090d00000|100%|HC|  |TAMS 0x0000000090c00000, 0x0000000090c00000| Complete 
| 181|0x0000000090d00000, 0x0000000090e00000, 0x0000000090e00000|100%|HC|  |TAMS 0x0000000090d00000, 0x0000000090d00000| Complete 
| 182|0x0000000090e00000, 0x0000000090f00000, 0x0000000090f00000|100%|HC|  |TAMS 0x0000000090e00000, 0x0000000090e00000| Complete 
| 183|0x0000000090f00000, 0x0000000091000000, 0x0000000091000000|100%|HC|  |TAMS 0x0000000090f00000, 0x0000000090f00000| Complete 
| 184|0x0000000091000000, 0x0000000091100000, 0x0000000091100000|100%|HC|  |TAMS 0x0000000091000000, 0x0000000091000000| Complete 
| 185|0x0000000091100000, 0x0000000091200000, 0x0000000091200000|100%|HC|  |TAMS 0x0000000091100000, 0x0000000091100000| Complete 
| 186|0x0000000091200000, 0x0000000091300000, 0x0000000091300000|100%|HC|  |TAMS 0x0000000091200000, 0x0000000091200000| Complete 
| 187|0x0000000091300000, 0x0000000091400000, 0x0000000091400000|100%|HC|  |TAMS 0x0000000091300000, 0x0000000091300000| Complete 
| 188|0x0000000091400000, 0x0000000091500000, 0x0000000091500000|100%|HC|  |TAMS 0x0000000091400000, 0x0000000091400000| Complete 
| 189|0x0000000091500000, 0x0000000091600000, 0x0000000091600000|100%|HC|  |TAMS 0x0000000091500000, 0x0000000091500000| Complete 
| 190|0x0000000091600000, 0x0000000091700000, 0x0000000091700000|100%|HC|  |TAMS 0x0000000091600000, 0x0000000091600000| Complete 
| 191|0x0000000091700000, 0x0000000091800000, 0x0000000091800000|100%|HC|  |TAMS 0x0000000091700000, 0x0000000091700000| Complete 
| 192|0x0000000091800000, 0x0000000091900000, 0x0000000091900000|100%|HC|  |TAMS 0x0000000091800000, 0x0000000091800000| Complete 
| 193|0x0000000091900000, 0x0000000091a00000, 0x0000000091a00000|100%|HC|  |TAMS 0x0000000091900000, 0x0000000091900000| Complete 
| 194|0x0000000091a00000, 0x0000000091b00000, 0x0000000091b00000|100%|HC|  |TAMS 0x0000000091a00000, 0x0000000091a00000| Complete 
| 195|0x0000000091b00000, 0x0000000091c00000, 0x0000000091c00000|100%|HC|  |TAMS 0x0000000091b00000, 0x0000000091b00000| Complete 
| 196|0x0000000091c00000, 0x0000000091d00000, 0x0000000091d00000|100%|HC|  |TAMS 0x0000000091c00000, 0x0000000091c00000| Complete 
| 197|0x0000000091d00000, 0x0000000091e00000, 0x0000000091e00000|100%|HC|  |TAMS 0x0000000091d00000, 0x0000000091d00000| Complete 
| 198|0x0000000091e00000, 0x0000000091f00000, 0x0000000091f00000|100%|HC|  |TAMS 0x0000000091e00000, 0x0000000091e00000| Complete 
| 199|0x0000000091f00000, 0x0000000092000000, 0x0000000092000000|100%|HC|  |TAMS 0x0000000091f00000, 0x0000000091f00000| Complete 
| 200|0x0000000092000000, 0x0000000092100000, 0x0000000092100000|100%|HC|  |TAMS 0x0000000092000000, 0x0000000092000000| Complete 
| 201|0x0000000092100000, 0x0000000092200000, 0x0000000092200000|100%|HC|  |TAMS 0x0000000092100000, 0x0000000092100000| Complete 
| 202|0x0000000092200000, 0x0000000092300000, 0x0000000092300000|100%|HC|  |TAMS 0x0000000092200000, 0x0000000092200000| Complete 
| 203|0x0000000092300000, 0x0000000092400000, 0x0000000092400000|100%|HC|  |TAMS 0x0000000092300000, 0x0000000092300000| Complete 
| 204|0x0000000092400000, 0x0000000092500000, 0x0000000092500000|100%|HC|  |TAMS 0x0000000092400000, 0x0000000092400000| Complete 
| 205|0x0000000092500000, 0x0000000092600000, 0x0000000092600000|100%|HC|  |TAMS 0x0000000092500000, 0x0000000092500000| Complete 
| 206|0x0000000092600000, 0x0000000092700000, 0x0000000092700000|100%|HC|  |TAMS 0x0000000092600000, 0x0000000092600000| Complete 
| 207|0x0000000092700000, 0x0000000092700000, 0x0000000092800000|  0%| F|  |TAMS 0x0000000092700000, 0x0000000092700000| Untracked 
| 208|0x0000000092800000, 0x0000000092800000, 0x0000000092900000|  0%| F|  |TAMS 0x0000000092800000, 0x0000000092800000| Untracked 
| 209|0x0000000092900000, 0x0000000092900000, 0x0000000092a00000|  0%| F|  |TAMS 0x0000000092900000, 0x0000000092900000| Untracked 
| 210|0x0000000092a00000, 0x0000000092a00000, 0x0000000092b00000|  0%| F|  |TAMS 0x0000000092a00000, 0x0000000092a00000| Untracked 
| 211|0x0000000092b00000, 0x0000000092b00000, 0x0000000092c00000|  0%| F|  |TAMS 0x0000000092b00000, 0x0000000092b00000| Untracked 
| 212|0x0000000092c00000, 0x0000000092c00000, 0x0000000092d00000|  0%| F|  |TAMS 0x0000000092c00000, 0x0000000092c00000| Untracked 
| 213|0x0000000092d00000, 0x0000000092d00000, 0x0000000092e00000|  0%| F|  |TAMS 0x0000000092d00000, 0x0000000092d00000| Untracked 
| 214|0x0000000092e00000, 0x0000000092e00000, 0x0000000092f00000|  0%| F|  |TAMS 0x0000000092e00000, 0x0000000092e00000| Untracked 
| 215|0x0000000092f00000, 0x0000000092f00000, 0x0000000093000000|  0%| F|  |TAMS 0x0000000092f00000, 0x0000000092f00000| Untracked 
| 216|0x0000000093000000, 0x0000000093000000, 0x0000000093100000|  0%| F|  |TAMS 0x0000000093000000, 0x0000000093000000| Untracked 
| 217|0x0000000093100000, 0x0000000093100000, 0x0000000093200000|  0%| F|  |TAMS 0x0000000093100000, 0x0000000093100000| Untracked 
| 218|0x0000000093200000, 0x0000000093200000, 0x0000000093300000|  0%| F|  |TAMS 0x0000000093200000, 0x0000000093200000| Untracked 
| 219|0x0000000093300000, 0x0000000093300000, 0x0000000093400000|  0%| F|  |TAMS 0x0000000093300000, 0x0000000093300000| Untracked 
| 220|0x0000000093400000, 0x0000000093400000, 0x0000000093500000|  0%| F|  |TAMS 0x0000000093400000, 0x0000000093400000| Untracked 
| 221|0x0000000093500000, 0x0000000093500000, 0x0000000093600000|  0%| F|  |TAMS 0x0000000093500000, 0x0000000093500000| Untracked 
| 222|0x0000000093600000, 0x0000000093600000, 0x0000000093700000|  0%| F|  |TAMS 0x0000000093600000, 0x0000000093600000| Untracked 
| 223|0x0000000093700000, 0x0000000093700000, 0x0000000093800000|  0%| F|  |TAMS 0x0000000093700000, 0x0000000093700000| Untracked 
| 224|0x0000000093800000, 0x0000000093800000, 0x0000000093900000|  0%| F|  |TAMS 0x0000000093800000, 0x0000000093800000| Untracked 
| 225|0x0000000093900000, 0x0000000093900000, 0x0000000093a00000|  0%| F|  |TAMS 0x0000000093900000, 0x0000000093900000| Untracked 
| 226|0x0000000093a00000, 0x0000000093adadc0, 0x0000000093b00000| 85%| E|  |TAMS 0x0000000093a00000, 0x0000000093a00000| Complete 

Card table byte_map: [0x00007faec908a000,0x00007faec945e000] _byte_map_base: 0x00007faec8c5e000

Marking Bits (Prev, Next): (CMBitMap*) 0x00007faec404f8b0, (CMBitMap*) 0x00007faec404f878
 Prev Bits: [0x00007faea42c0000, 0x00007faea6160000)
 Next Bits: [0x00007faea6160000, 0x00007faea8000000)

Polling page: 0x00007faecd7ac000

Metaspace:

Usage:
  Non-class:     46,27 MB capacity,    45,58 MB ( 99%) used,   551,59 KB (  1%) free+waste,   156,69 KB ( <1%) overhead. 
      Class:      6,67 MB capacity,     6,19 MB ( 93%) used,   420,37 KB (  6%) free+waste,    72,81 KB (  1%) overhead. 
       Both:     52,94 MB capacity,    51,76 MB ( 98%) used,   971,95 KB (  2%) free+waste,   229,50 KB ( <1%) overhead. 

Virtual space:
  Non-class space:       48,00 MB reserved,      46,42 MB ( 97%) committed 
      Class space:        1,00 GB reserved,       6,70 MB ( <1%) committed 
             Both:        1,05 GB reserved,      53,12 MB (  5%) committed 

Chunk freelists:
   Non-Class:  3,75 KB
       Class:  2,25 KB
        Both:  6,00 KB

CodeHeap 'non-profiled nmethods': size=120032Kb used=2437Kb max_used=2437Kb free=117594Kb
 bounds [0x00007faeb444f000, 0x00007faeb46bf000, 0x00007faebb987000]
CodeHeap 'profiled nmethods': size=120032Kb used=10326Kb max_used=10326Kb free=109705Kb
 bounds [0x00007faeacf17000, 0x00007faead937000, 0x00007faeb444f000]
CodeHeap 'non-nmethods': size=5696Kb used=1177Kb max_used=1226Kb free=4518Kb
 bounds [0x00007faeac987000, 0x00007faeacbf7000, 0x00007faeacf17000]
 total_blobs=6319 nmethods=4531 adapters=462
 compilation: enabled
              stopped_count=0, restarted_count=0
 full_count=0

Compilation events (10 events):
Event: 8,288 Thread 0x00007faec41be800 nmethod 4822 0x00007faead92dd90 code [0x00007faead92df60, 0x00007faead92e368]
Event: 8,288 Thread 0x00007faec41be800 4830   !   3       com.sun.imageio.plugins.tiff.TIFFImageReader::locateImage (211 bytes)
Event: 8,290 Thread 0x00007faec41be800 nmethod 4830 0x00007faead92e490 code [0x00007faead92e760, 0x00007faead92f7a8]
Event: 8,290 Thread 0x00007faec41be800 4825   !   3       com.sun.imageio.plugins.tiff.TIFFImageReader::readHeader (215 bytes)
Event: 8,291 Thread 0x00007faec41be800 nmethod 4825 0x00007faead92fe90 code [0x00007faead9301a0, 0x00007faead9311f8]
Event: 8,291 Thread 0x00007faec41be800 4826       3       java.awt.Image::<init> (11 bytes)
Event: 8,291 Thread 0x00007faec41be800 nmethod 4826 0x00007faead931890 code [0x00007faead931a40, 0x00007faead931bf0]
Event: 8,291 Thread 0x00007faec41be800 4827       3       java.awt.image.BufferedImage::isStandard (44 bytes)
Event: 8,291 Thread 0x00007faec41be800 nmethod 4827 0x00007faead931c90 code [0x00007faead931e80, 0x00007faead932428]
Event: 8,299 Thread 0x00007faec41bc800 nmethod 4832 0x00007faeb46afa10 code [0x00007faeb46afbc0, 0x00007faeb46b03d8]

GC Heap History (10 events):
Event: 3,512 GC heap before
{Heap before GC invocations=6 (full 0):
 garbage-first heap   total 152576K, used 67129K [0x0000000085800000, 0x0000000100000000)
  region size 1024K, 61 young (62464K), 6 survivors (6144K)
 Metaspace       used 34723K, capacity 35611K, committed 35708K, reserved 1081344K
  class space    used 4124K, capacity 4499K, committed 4556K, reserved 1048576K
}
Event: 3,528 GC heap after
{Heap after GC invocations=7 (full 0):
 garbage-first heap   total 152576K, used 15712K [0x0000000085800000, 0x0000000100000000)
  region size 1024K, 8 young (8192K), 8 survivors (8192K)
 Metaspace       used 34723K, capacity 35611K, committed 35708K, reserved 1081344K
  class space    used 4124K, capacity 4499K, committed 4556K, reserved 1048576K
}
Event: 5,107 GC heap before
{Heap before GC invocations=8 (full 0):
 garbage-first heap   total 152576K, used 86368K [0x0000000085800000, 0x0000000100000000)
  region size 1024K, 78 young (79872K), 8 survivors (8192K)
 Metaspace       used 41380K, capacity 42465K, committed 42748K, reserved 1087488K
  class space    used 4938K, capacity 5382K, committed 5452K, reserved 1048576K
}
Event: 5,129 GC heap after
{Heap after GC invocations=9 (full 0):
 garbage-first heap   total 152576K, used 22171K [0x0000000085800000, 0x0000000100000000)
  region size 1024K, 10 young (10240K), 10 survivors (10240K)
 Metaspace       used 41380K, capacity 42465K, committed 42748K, reserved 1087488K
  class space    used 4938K, capacity 5382K, committed 5452K, reserved 1048576K
}
Event: 6,345 GC heap before
{Heap before GC invocations=9 (full 0):
 garbage-first heap   total 152576K, used 96923K [0x0000000085800000, 0x0000000100000000)
  region size 1024K, 84 young (86016K), 10 survivors (10240K)
 Metaspace       used 44760K, capacity 45878K, committed 46204K, reserved 1089536K
  class space    used 5328K, capacity 5768K, committed 5836K, reserved 1048576K
}
Event: 6,375 GC heap after
{Heap after GC invocations=10 (full 0):
 garbage-first heap   total 152576K, used 26637K [0x0000000085800000, 0x0000000100000000)
  region size 1024K, 5 young (5120K), 5 survivors (5120K)
 Metaspace       used 44760K, capacity 45878K, committed 46204K, reserved 1089536K
  class space    used 5328K, capacity 5768K, committed 5836K, reserved 1048576K
}
Event: 7,673 GC heap before
{Heap before GC invocations=10 (full 0):
 garbage-first heap   total 178176K, used 144397K [0x0000000085800000, 0x0000000100000000)
  region size 1024K, 80 young (81920K), 5 survivors (5120K)
 Metaspace       used 50999K, capacity 52217K, committed 52348K, reserved 1095680K
  class space    used 6084K, capacity 6573K, committed 6604K, reserved 1048576K
}
Event: 7,689 GC heap after
{Heap after GC invocations=11 (full 0):
 garbage-first heap   total 232448K, used 60756K [0x0000000085800000, 0x0000000100000000)
  region size 1024K, 6 young (6144K), 6 survivors (6144K)
 Metaspace       used 50999K, capacity 52217K, committed 52348K, reserved 1095680K
  class space    used 6084K, capacity 6573K, committed 6604K, reserved 1048576K
}
Event: 8,310 GC heap before
{Heap before GC invocations=11 (full 0):
 garbage-first heap   total 232448K, used 187732K [0x0000000085800000, 0x0000000100000000)
  region size 1024K, 87 young (89088K), 6 survivors (6144K)
 Metaspace       used 52989K, capacity 54202K, committed 54396K, reserved 1097728K
  class space    used 6335K, capacity 6829K, committed 6860K, reserved 1048576K
}
Event: 8,322 GC heap after
{Heap after GC invocations=12 (full 0):
 garbage-first heap   total 232448K, used 93553K [0x0000000085800000, 0x0000000100000000)
  region size 1024K, 6 young (6144K), 6 survivors (6144K)
 Metaspace       used 52989K, capacity 54202K, committed 54396K, reserved 1097728K
  class space    used 6335K, capacity 6829K, committed 6860K, reserved 1048576K
}

Deoptimization events (10 events):
Event: 7,163 Thread 0x00007faec4800000 Uncommon trap: reason=profile_predicate action=maybe_recompile pc=0x00007faeb463ea6c method=java.lang.PublicMethods$MethodList.filter([Ljava/lang/reflect/Method;Ljava/lang/String;[Ljava/lang/Class;Z)Ljava/lang/PublicMethods$MethodList; @ 21 c2
Event: 7,163 Thread 0x00007faec4800000 Uncommon trap: reason=profile_predicate action=maybe_recompile pc=0x00007faeb463ea6c method=java.lang.PublicMethods$MethodList.filter([Ljava/lang/reflect/Method;Ljava/lang/String;[Ljava/lang/Class;Z)Ljava/lang/PublicMethods$MethodList; @ 21 c2
Event: 7,217 Thread 0x00007faec4800000 Uncommon trap: reason=unstable_if action=reinterpret pc=0x00007faeb4569fb4 method=java.nio.Buffer.<init>(IIII)V @ 44 c2
Event: 7,219 Thread 0x00007faec4800000 Uncommon trap: reason=unstable_if action=reinterpret pc=0x00007faeb457d720 method=java.lang.CharacterDataLatin1.isWhitespace(I)Z @ 14 c2
Event: 7,219 Thread 0x00007faec4800000 Uncommon trap: reason=unstable_if action=reinterpret pc=0x00007faeb449f720 method=java.lang.CharacterDataLatin1.isWhitespace(I)Z @ 14 c2
Event: 7,232 Thread 0x00007faec4800000 Uncommon trap: reason=unstable_if action=reinterpret pc=0x00007faeb4569b50 method=java.nio.Buffer.<init>(IIII)V @ 44 c2
Event: 7,354 Thread 0x00007faec4800000 Uncommon trap: reason=unstable_if action=reinterpret pc=0x00007faeb4469dbc method=java.lang.String.equals(Ljava/lang/Object;)Z @ 34 c2
Event: 7,354 Thread 0x00007faec4800000 Uncommon trap: reason=class_check action=maybe_recompile pc=0x00007faeb44eab80 method=java.util.concurrent.ConcurrentHashMap.putVal(Ljava/lang/Object;Ljava/lang/Object;Z)Ljava/lang/Object; @ 242 c2
Event: 7,748 Thread 0x00007faec4800000 Uncommon trap: reason=unstable_if action=reinterpret pc=0x00007faeb4514b4c method=java.util.regex.Matcher.reset()Ljava/util/regex/Matcher; @ 71 c2
Event: 7,895 Thread 0x00007faec4800000 Uncommon trap: reason=profile_predicate action=maybe_recompile pc=0x00007faeb4673398 method=java.lang.PublicMethods$MethodList.filter([Ljava/lang/reflect/Method;Ljava/lang/String;[Ljava/lang/Class;Z)Ljava/lang/PublicMethods$MethodList; @ 17 c2

Classes redefined (0 events):
No events

Internal exceptions (10 events):
Event: 7,185 Thread 0x00007faec4800000 Exception <a 'java/lang/ClassNotFoundException'{0x000000008bc2f570}: java/lang/ObjectCustomizer> (0x000000008bc2f570) thrown at [/export/home/tester/jenkins/workspace/zulu11-build-linux64/zulu-src/src/hotspot/share/classfile/systemDictionary.cpp, line 231
Event: 7,186 Thread 0x00007faec4800000 Exception <a 'java/lang/ClassNotFoundException'{0x000000008bc43f50}: org/springframework/web/servlet/support/AbstractFlashMapManagerCustomizer> (0x000000008bc43f50) thrown at [/export/home/tester/jenkins/workspace/zulu11-build-linux64/zulu-src/src/hotspot
Event: 7,187 Thread 0x00007faec4800000 Exception <a 'java/lang/ClassNotFoundException'{0x000000008bc5a600}: org/springframework/web/servlet/support/SessionFlashMapManagerCustomizer> (0x000000008bc5a600) thrown at [/export/home/tester/jenkins/workspace/zulu11-build-linux64/zulu-src/src/hotspot/
Event: 7,188 Thread 0x00007faec4800000 Exception <a 'java/lang/ClassNotFoundException'{0x000000008bc6c658}: org/springframework/web/servlet/FlashMapManagerCustomizer> (0x000000008bc6c658) thrown at [/export/home/tester/jenkins/workspace/zulu11-build-linux64/zulu-src/src/hotspot/share/classfile
Event: 7,378 Thread 0x00007faec4800000 Exception <a 'java/lang/ClassNotFoundException'{0x000000008b9e5cc0}: sun/awt/resources/spi/awtProvider> (0x000000008b9e5cc0) thrown at [/export/home/tester/jenkins/workspace/zulu11-build-linux64/zulu-src/src/hotspot/share/classfile/systemDictionary.cpp, l
Event: 7,391 Thread 0x00007faec4800000 Exception <a 'java/io/FileNotFoundException'{0x000000008b89f918}> (0x000000008b89f918) thrown at [/export/home/tester/jenkins/workspace/zulu11-build-linux64/zulu-src/src/hotspot/share/prims/jni.cpp, line 615]
Event: 7,392 Thread 0x00007faec4800000 Exception <a 'java/io/FileNotFoundException'{0x000000008b8a39b8}> (0x000000008b8a39b8) thrown at [/export/home/tester/jenkins/workspace/zulu11-build-linux64/zulu-src/src/hotspot/share/prims/jni.cpp, line 615]
Event: 7,727 Thread 0x00007faec4800000 Exception <a 'sun/nio/fs/UnixException'{0x00000000934af188}> (0x00000000934af188) thrown at [/export/home/tester/jenkins/workspace/zulu11-build-linux64/zulu-src/src/hotspot/share/prims/jni.cpp, line 615]
Event: 7,855 Thread 0x00007faec4800000 Exception <a 'java/lang/UnsatisfiedLinkError'{0x0000000093043868}: libtesseract.so: cannot open shared object file: No such file or directory> (0x0000000093043868) thrown at [/export/home/tester/jenkins/workspace/zulu11-build-linux64/zulu-src/src/hotspot/
Event: 7,855 Thread 0x00007faec4800000 Exception <a 'java/lang/UnsatisfiedLinkError'{0x0000000093044a38}: libtesseract.so: cannot open shared object file: No such file or directory> (0x0000000093044a38) thrown at [/export/home/tester/jenkins/workspace/zulu11-build-linux64/zulu-src/src/hotspot/

Events (10 events):
Event: 8,326 Executing VM operation: RevokeBias
Event: 8,326 Executing VM operation: RevokeBias done
Event: 8,379 Executing VM operation: CGC_Operation
Event: 8,389 Executing VM operation: CGC_Operation done
Event: 8,417 Executing VM operation: CGC_Operation
Event: 8,425 Executing VM operation: CGC_Operation done
Event: 8,430 loading class java/lang/StrictMath
Event: 8,430 loading class java/lang/StrictMath done
Event: 8,431 loading class com/sun/jna/Native$Buffers
Event: 8,431 loading class com/sun/jna/Native$Buffers done


Dynamic libraries:
00400000-00401000 r-xp 00000000 08:01 14682256                           /home/fernando/Development/languages/java/jdk11/bin/java
00601000-00602000 rw-p 00001000 08:01 14682256                           /home/fernando/Development/languages/java/jdk11/bin/java
01ab8000-01ad9000 rw-p 00000000 00:00 0                                  [heap]
85800000-93b00000 rw-p 00000000 00:00 0 
93b00000-100000000 ---p 00000000 00:00 0 
100000000-1006b3000 rw-p 00000000 00:00 0 
1006b3000-140000000 ---p 00000000 00:00 0 
7fae21ed3000-7fae24000000 rw-p 00000000 00:00 0 
7fae24000000-7fae24021000 rw-p 00000000 00:00 0 
7fae24021000-7fae28000000 ---p 00000000 00:00 0 
7fae2884e000-7fae2a1b0000 rw-p 00000000 00:00 0 
7fae2a1b0000-7fae2a330000 ---p 00000000 00:00 0 
7fae2a330000-7fae2a33b000 r-xp 00000000 08:01 7214632                    /usr/lib/x86_64-linux-gnu/libjbig.so.0
7fae2a33b000-7fae2a53a000 ---p 0000b000 08:01 7214632                    /usr/lib/x86_64-linux-gnu/libjbig.so.0
7fae2a53a000-7fae2a53b000 r--p 0000a000 08:01 7214632                    /usr/lib/x86_64-linux-gnu/libjbig.so.0
7fae2a53b000-7fae2a53e000 rw-p 0000b000 08:01 7214632                    /usr/lib/x86_64-linux-gnu/libjbig.so.0
7fae2a53e000-7fae2a55f000 r-xp 00000000 08:01 6295933                    /lib/x86_64-linux-gnu/liblzma.so.5.0.0
7fae2a55f000-7fae2a75e000 ---p 00021000 08:01 6295933                    /lib/x86_64-linux-gnu/liblzma.so.5.0.0
7fae2a75e000-7fae2a75f000 r--p 00020000 08:01 6295933                    /lib/x86_64-linux-gnu/liblzma.so.5.0.0
7fae2a75f000-7fae2a760000 rw-p 00021000 08:01 6295933                    /lib/x86_64-linux-gnu/liblzma.so.5.0.0
7fae2a760000-7fae2a796000 r-xp 00000000 08:01 7214905                    /usr/lib/x86_64-linux-gnu/libopenjp2.so.2.1.0
7fae2a796000-7fae2a995000 ---p 00036000 08:01 7214905                    /usr/lib/x86_64-linux-gnu/libopenjp2.so.2.1.0
7fae2a995000-7fae2a996000 r--p 00035000 08:01 7214905                    /usr/lib/x86_64-linux-gnu/libopenjp2.so.2.1.0
7fae2a996000-7fae2a997000 rw-p 00036000 08:01 7214905                    /usr/lib/x86_64-linux-gnu/libopenjp2.so.2.1.0
7fae2a997000-7fae2a9f0000 r-xp 00000000 08:01 7213417                    /usr/lib/x86_64-linux-gnu/libwebp.so.5.0.4
7fae2a9f0000-7fae2abf0000 ---p 00059000 08:01 7213417                    /usr/lib/x86_64-linux-gnu/libwebp.so.5.0.4
7fae2abf0000-7fae2abf1000 r--p 00059000 08:01 7213417                    /usr/lib/x86_64-linux-gnu/libwebp.so.5.0.4
7fae2abf1000-7fae2abf3000 rw-p 0005a000 08:01 7213417                    /usr/lib/x86_64-linux-gnu/libwebp.so.5.0.4
7fae2abf3000-7fae2ac64000 r-xp 00000000 08:01 7213627                    /usr/lib/x86_64-linux-gnu/libtiff.so.5.2.4
7fae2ac64000-7fae2ae64000 ---p 00071000 08:01 7213627                    /usr/lib/x86_64-linux-gnu/libtiff.so.5.2.4
7fae2ae64000-7fae2ae65000 r--p 00071000 08:01 7213627                    /usr/lib/x86_64-linux-gnu/libtiff.so.5.2.4
7fae2ae65000-7fae2ae68000 rw-p 00072000 08:01 7213627                    /usr/lib/x86_64-linux-gnu/libtiff.so.5.2.4
7fae2ae68000-7fae2aebf000 r-xp 00000000 08:01 7214447                    /usr/lib/x86_64-linux-gnu/libjpeg.so.8.0.2
7fae2aebf000-7fae2b0bf000 ---p 00057000 08:01 7214447                    /usr/lib/x86_64-linux-gnu/libjpeg.so.8.0.2
7fae2b0bf000-7fae2b0c0000 r--p 00057000 08:01 7214447                    /usr/lib/x86_64-linux-gnu/libjpeg.so.8.0.2
7fae2b0c0000-7fae2b0c1000 rw-p 00058000 08:01 7214447                    /usr/lib/x86_64-linux-gnu/libjpeg.so.8.0.2
7fae2b0c1000-7fae2b0e5000 r-xp 00000000 08:01 6291474                    /lib/x86_64-linux-gnu/libpng12.so.0.54.0
7fae2b0e5000-7fae2b2e4000 ---p 00024000 08:01 6291474                    /lib/x86_64-linux-gnu/libpng12.so.0.54.0
7fae2b2e4000-7fae2b2e5000 r--p 00023000 08:01 6291474                    /lib/x86_64-linux-gnu/libpng12.so.0.54.0
7fae2b2e5000-7fae2b2e6000 rw-p 00024000 08:01 6291474                    /lib/x86_64-linux-gnu/libpng12.so.0.54.0
7fae2b2e6000-7fae2b2fc000 r-xp 00000000 08:01 6295934                    /lib/x86_64-linux-gnu/libgcc_s.so.1
7fae2b2fc000-7fae2b4fb000 ---p 00016000 08:01 6295934                    /lib/x86_64-linux-gnu/libgcc_s.so.1
7fae2b4fb000-7fae2b4fc000 rw-p 00015000 08:01 6295934                    /lib/x86_64-linux-gnu/libgcc_s.so.1
7fae2b4fc000-7fae2b66e000 r-xp 00000000 08:01 7214459                    /usr/lib/x86_64-linux-gnu/libstdc++.so.6.0.21
7fae2b66e000-7fae2b86e000 ---p 00172000 08:01 7214459                    /usr/lib/x86_64-linux-gnu/libstdc++.so.6.0.21
7fae2b86e000-7fae2b878000 r--p 00172000 08:01 7214459                    /usr/lib/x86_64-linux-gnu/libstdc++.so.6.0.21
7fae2b878000-7fae2b87a000 rw-p 0017c000 08:01 7214459                    /usr/lib/x86_64-linux-gnu/libstdc++.so.6.0.21
7fae2b87a000-7fae2b87e000 rw-p 00000000 00:00 0 
7fae2b87e000-7fae2bb67000 r-xp 00000000 08:01 7214909                    /usr/lib/libtesseract.so.3.0.4
7fae2bb67000-7fae2bd67000 ---p 002e9000 08:01 7214909                    /usr/lib/libtesseract.so.3.0.4
7fae2bd67000-7fae2bd6b000 r--p 002e9000 08:01 7214909                    /usr/lib/libtesseract.so.3.0.4
7fae2bd6b000-7fae2bd6c000 rw-p 002ed000 08:01 7214909                    /usr/lib/libtesseract.so.3.0.4
7fae2bd6c000-7fae2c000000 rw-p 00000000 00:00 0 
7fae2c000000-7fae2c410000 rw-p 00000000 00:00 0 
7fae2c410000-7fae30000000 ---p 00000000 00:00 0 
7fae30000000-7fae30021000 rw-p 00000000 00:00 0 
7fae30021000-7fae34000000 ---p 00000000 00:00 0 
7fae34000000-7fae34021000 rw-p 00000000 00:00 0 
7fae34021000-7fae38000000 ---p 00000000 00:00 0 
7fae38000000-7fae38021000 rw-p 00000000 00:00 0 
7fae38021000-7fae3c000000 ---p 00000000 00:00 0 
7fae3c000000-7fae3c060000 rw-p 00000000 00:00 0 
7fae3c060000-7fae40000000 ---p 00000000 00:00 0 
7fae40000000-7fae40021000 rw-p 00000000 00:00 0 
7fae40021000-7fae44000000 ---p 00000000 00:00 0 
7fae44000000-7fae44021000 rw-p 00000000 00:00 0 
7fae44021000-7fae48000000 ---p 00000000 00:00 0 
7fae48000000-7fae48021000 rw-p 00000000 00:00 0 
7fae48021000-7fae4c000000 ---p 00000000 00:00 0 
7fae4c000000-7fae4c3b7000 rw-p 00000000 00:00 0 
7fae4c3b7000-7fae50000000 ---p 00000000 00:00 0 
7fae501e4000-7fae50421000 r-xp 00000000 08:01 7214907                    /usr/lib/liblept.so.5.0.0
7fae50421000-7fae50620000 ---p 0023d000 08:01 7214907                    /usr/lib/liblept.so.5.0.0
7fae50620000-7fae50621000 r--p 0023c000 08:01 7214907                    /usr/lib/liblept.so.5.0.0
7fae50621000-7fae50627000 rw-p 0023d000 08:01 7214907                    /usr/lib/liblept.so.5.0.0
7fae50627000-7fae5063e000 r-xp 00000000 08:01 24118365                   /tmp/jna-189895475/jna15476223194851163314.tmp (deleted)
7fae5063e000-7fae5073d000 ---p 00017000 08:01 24118365                   /tmp/jna-189895475/jna15476223194851163314.tmp (deleted)
7fae5073d000-7fae5073f000 rw-p 00016000 08:01 24118365                   /tmp/jna-189895475/jna15476223194851163314.tmp (deleted)
7fae5073f000-7fae50743000 ---p 00000000 00:00 0 
7fae50743000-7fae50a40000 rw-p 00000000 00:00 0 
7fae50a40000-7fae50a48000 r-xp 00000000 08:01 15209056                   /home/fernando/Development/languages/java/jdk11/lib/libawt_headless.so
7fae50a48000-7fae50c47000 ---p 00008000 08:01 15209056                   /home/fernando/Development/languages/java/jdk11/lib/libawt_headless.so
7fae50c47000-7fae50c48000 rw-p 00007000 08:01 15209056                   /home/fernando/Development/languages/java/jdk11/lib/libawt_headless.so
7fae50c48000-7fae50ce9000 r-xp 00000000 08:01 15209032                   /home/fernando/Development/languages/java/jdk11/lib/libawt.so
7fae50ce9000-7fae50ee9000 ---p 000a1000 08:01 15209032                   /home/fernando/Development/languages/java/jdk11/lib/libawt.so
7fae50ee9000-7fae50ef5000 rw-p 000a1000 08:01 15209032                   /home/fernando/Development/languages/java/jdk11/lib/libawt.so
7fae50ef5000-7fae51119000 rw-p 00000000 00:00 0 
7fae51119000-7fae5111d000 ---p 00000000 00:00 0 
7fae5111d000-7fae5121a000 rw-p 00000000 00:00 0 
7fae5121a000-7fae5121e000 ---p 00000000 00:00 0 
7fae5121e000-7fae5131b000 rw-p 00000000 00:00 0 
7fae5131b000-7fae5131f000 ---p 00000000 00:00 0 
7fae5131f000-7fae5141c000 rw-p 00000000 00:00 0 
7fae5141c000-7fae51420000 ---p 00000000 00:00 0 
7fae51420000-7fae5151d000 rw-p 00000000 00:00 0 
7fae5151d000-7fae51521000 ---p 00000000 00:00 0 
7fae51521000-7fae5161e000 rw-p 00000000 00:00 0 
7fae5161e000-7fae51622000 ---p 00000000 00:00 0 
7fae51622000-7fae5171f000 rw-p 00000000 00:00 0 
7fae5171f000-7fae51723000 ---p 00000000 00:00 0 
7fae51723000-7fae51820000 rw-p 00000000 00:00 0 
7fae51820000-7fae51824000 ---p 00000000 00:00 0 
7fae51824000-7fae51921000 rw-p 00000000 00:00 0 
7fae51921000-7fae51925000 ---p 00000000 00:00 0 
7fae51925000-7fae51a22000 rw-p 00000000 00:00 0 
7fae51a22000-7fae51a26000 ---p 00000000 00:00 0 
7fae51a26000-7fae51b23000 rw-p 00000000 00:00 0 
7fae51b23000-7fae51b27000 ---p 00000000 00:00 0 
7fae51b27000-7fae51c24000 rw-p 00000000 00:00 0 
7fae51c24000-7fae51c28000 ---p 00000000 00:00 0 
7fae51c28000-7fae51d25000 rw-p 00000000 00:00 0 
7fae51d25000-7fae51d29000 ---p 00000000 00:00 0 
7fae51d29000-7fae51e26000 rw-p 00000000 00:00 0 
7fae51e26000-7fae51e2a000 ---p 00000000 00:00 0 
7fae51e2a000-7fae51f27000 rw-p 00000000 00:00 0 
7fae51f27000-7fae51f2b000 ---p 00000000 00:00 0 
7fae51f2b000-7fae52228000 rw-p 00000000 00:00 0 
7fae52228000-7fae5222a000 r-xp 00000000 08:01 15209022                   /home/fernando/Development/languages/java/jdk11/lib/libextnet.so
7fae5222a000-7fae52429000 ---p 00002000 08:01 15209022                   /home/fernando/Development/languages/java/jdk11/lib/libextnet.so
7fae52429000-7fae5242a000 rw-p 00001000 08:01 15209022                   /home/fernando/Development/languages/java/jdk11/lib/libextnet.so
7fae5242a000-7fae5262a000 rw-p 00000000 00:00 0 
7fae526a4000-7fae528a4000 rw-p 00000000 00:00 0 
7fae528a4000-7fae528a8000 ---p 00000000 00:00 0 
7fae528a8000-7fae529a5000 rw-p 00000000 00:00 0 
7fae529a5000-7fae529a9000 ---p 00000000 00:00 0 
7fae529a9000-7fae52ca6000 rw-p 00000000 00:00 0 
7fae52ca6000-7fae52ea6000 rw-p 00000000 00:00 0 
7fae52ea6000-7fae530a6000 rw-p 00000000 00:00 0 
7fae530a6000-7fae530aa000 ---p 00000000 00:00 0 
7fae530aa000-7fae533a7000 rw-p 00000000 00:00 0 
7fae533a7000-7fae535a7000 rw-p 00000000 00:00 0 
7fae535a7000-7fae537a7000 rw-p 00000000 00:00 0 
7fae537a7000-7fae537a8000 ---p 00000000 00:00 0 
7fae537a8000-7fae538a8000 rw-p 00000000 00:00 0 
7fae538a8000-7fae538a9000 ---p 00000000 00:00 0 
7fae538a9000-7fae53ba9000 rw-p 00000000 00:00 0 
7fae53ba9000-7fae53da9000 rw-p 00000000 00:00 0 
7fae53da9000-7fae53de8000 r-xp 00000000 08:01 15209045                   /home/fernando/Development/languages/java/jdk11/lib/libsunec.so
7fae53de8000-7fae53fe7000 ---p 0003f000 08:01 15209045                   /home/fernando/Development/languages/java/jdk11/lib/libsunec.so
7fae53fe7000-7fae53fee000 rw-p 0003e000 08:01 15209045                   /home/fernando/Development/languages/java/jdk11/lib/libsunec.so
7fae53fee000-7fae54000000 rw-p 00000000 00:00 0 
7fae54000000-7fae5403e000 rw-p 00000000 00:00 0 
7fae5403e000-7fae58000000 ---p 00000000 00:00 0 
7fae58000000-7fae5937a000 rw-p 00000000 00:00 0 
7fae5937a000-7fae5c000000 ---p 00000000 00:00 0 
7fae5c000000-7fae5c082000 rw-p 00000000 00:00 0 
7fae5c082000-7fae60000000 ---p 00000000 00:00 0 
7fae60000000-7fae60021000 rw-p 00000000 00:00 0 
7fae60021000-7fae64000000 ---p 00000000 00:00 0 
7fae64000000-7fae64021000 rw-p 00000000 00:00 0 
7fae64021000-7fae68000000 ---p 00000000 00:00 0 
7fae68000000-7fae68021000 rw-p 00000000 00:00 0 
7fae68021000-7fae6c000000 ---p 00000000 00:00 0 
7fae6c000000-7fae6c021000 rw-p 00000000 00:00 0 
7fae6c021000-7fae70000000 ---p 00000000 00:00 0 
7fae70000000-7fae70021000 rw-p 00000000 00:00 0 
7fae70021000-7fae74000000 ---p 00000000 00:00 0 
7fae74000000-7fae74aee000 rw-p 00000000 00:00 0 
7fae74aee000-7fae78000000 ---p 00000000 00:00 0 
7fae78000000-7fae78021000 rw-p 00000000 00:00 0 
7fae78021000-7fae7c000000 ---p 00000000 00:00 0 
7fae7c000000-7fae7c021000 rw-p 00000000 00:00 0 
7fae7c021000-7fae80000000 ---p 00000000 00:00 0 
7fae80000000-7fae814c5000 rw-p 00000000 00:00 0 
7fae814c5000-7fae84000000 ---p 00000000 00:00 0 
7fae84000000-7fae84021000 rw-p 00000000 00:00 0 
7fae84021000-7fae88000000 ---p 00000000 00:00 0 
7fae88000000-7fae88021000 rw-p 00000000 00:00 0 
7fae88021000-7fae8c000000 ---p 00000000 00:00 0 
7fae8c000000-7fae8c021000 rw-p 00000000 00:00 0 
7fae8c021000-7fae90000000 ---p 00000000 00:00 0 
7fae90000000-7fae900dd000 rw-p 00000000 00:00 0 
7fae900dd000-7fae94000000 ---p 00000000 00:00 0 
7fae94000000-7fae94021000 rw-p 00000000 00:00 0 
7fae94021000-7fae98000000 ---p 00000000 00:00 0 
7fae98000000-7fae98022000 rw-p 00000000 00:00 0 
7fae98022000-7fae9c000000 ---p 00000000 00:00 0 
7fae9c01a000-7fae9c01e000 ---p 00000000 00:00 0 
7fae9c01e000-7fae9c307000 rw-p 00000000 00:00 0 
7fae9c307000-7fae9c31b000 ---p 00000000 00:00 0 
7fae9c31b000-7fae9c51b000 rw-p 00000000 00:00 0 
7fae9c5ed000-7fae9c7ed000 rw-p 00000000 00:00 0 
7fae9c7ed000-7fae9c9ed000 rw-p 00000000 00:00 0 
7fae9c9ed000-7fae9cbed000 rw-p 00000000 00:00 0 
7fae9cbed000-7fae9cbf1000 ---p 00000000 00:00 0 
7fae9cbf1000-7fae9ccee000 rw-p 00000000 00:00 0 
7fae9ccee000-7fae9ccef000 ---p 00000000 00:00 0 
7fae9ccef000-7fae9cfef000 rw-p 00000000 00:00 0 
7fae9cfef000-7fae9cff3000 ---p 00000000 00:00 0 
7fae9cff3000-7fae9d0f0000 rw-p 00000000 00:00 0 
7fae9d0f0000-7fae9d0f5000 r-xp 00000000 08:01 15209059                   /home/fernando/Development/languages/java/jdk11/lib/libmanagement_ext.so
7fae9d0f5000-7fae9d2f5000 ---p 00005000 08:01 15209059                   /home/fernando/Development/languages/java/jdk11/lib/libmanagement_ext.so
7fae9d2f5000-7fae9d2f6000 rw-p 00005000 08:01 15209059                   /home/fernando/Development/languages/java/jdk11/lib/libmanagement_ext.so
7fae9d2f6000-7fae9d2fa000 r-xp 00000000 08:01 15209070                   /home/fernando/Development/languages/java/jdk11/lib/libmanagement.so
7fae9d2fa000-7fae9d4fa000 ---p 00004000 08:01 15209070                   /home/fernando/Development/languages/java/jdk11/lib/libmanagement.so
7fae9d4fa000-7fae9d4fb000 rw-p 00004000 08:01 15209070                   /home/fernando/Development/languages/java/jdk11/lib/libmanagement.so
7fae9d4fb000-7fae9d4ff000 ---p 00000000 00:00 0 
7fae9d4ff000-7fae9d5fc000 rw-p 00000000 00:00 0 
7fae9d5fc000-7fae9d613000 r-xp 00000000 08:01 15208978                   /home/fernando/Development/languages/java/jdk11/lib/libnet.so
7fae9d613000-7fae9d812000 ---p 00017000 08:01 15208978                   /home/fernando/Development/languages/java/jdk11/lib/libnet.so
7fae9d812000-7fae9d813000 rw-p 00016000 08:01 15208978                   /home/fernando/Development/languages/java/jdk11/lib/libnet.so
7fae9d813000-7fae9d823000 r-xp 00000000 08:01 15209035                   /home/fernando/Development/languages/java/jdk11/lib/libnio.so
7fae9d823000-7fae9da23000 ---p 00010000 08:01 15209035                   /home/fernando/Development/languages/java/jdk11/lib/libnio.so
7fae9da23000-7fae9da24000 rw-p 00010000 08:01 15209035                   /home/fernando/Development/languages/java/jdk11/lib/libnio.so
7fae9da24000-7fae9da28000 ---p 00000000 00:00 0 
7fae9da28000-7fae9db25000 rw-p 00000000 00:00 0 
7fae9db25000-7fae9db26000 ---p 00000000 00:00 0 
7fae9db26000-7fae9dc26000 rw-p 00000000 00:00 0 
7fae9dc26000-7fae9dc2a000 ---p 00000000 00:00 0 
7fae9dc2a000-7fae9dd27000 rw-p 00000000 00:00 0 
7fae9dd27000-7fae9e000000 r--p 00000000 08:01 7211198                    /usr/lib/locale/locale-archive
7fae9e000000-7faea0000000 rw-p 00000000 00:00 0 
7faea0000000-7faea0021000 rw-p 00000000 00:00 0 
7faea0021000-7faea4000000 ---p 00000000 00:00 0 
7faea40be000-7faea40c2000 ---p 00000000 00:00 0 
7faea40c2000-7faea41bf000 rw-p 00000000 00:00 0 
7faea41bf000-7faea41c3000 ---p 00000000 00:00 0 
7faea41c3000-7faea464c000 rw-p 00000000 00:00 0 
7faea464c000-7faea6160000 ---p 00000000 00:00 0 
7faea6160000-7faea64ec000 rw-p 00000000 00:00 0 
7faea64ec000-7faea8000000 ---p 00000000 00:00 0 
7faea8000000-7faea8021000 rw-p 00000000 00:00 0 
7faea8021000-7faeac000000 ---p 00000000 00:00 0 
7faeac086000-7faeac08a000 ---p 00000000 00:00 0 
7faeac08a000-7faeac987000 rw-p 00000000 00:00 0 
7faeac987000-7faeacbf7000 rwxp 00000000 00:00 0 
7faeacbf7000-7faeacf17000 ---p 00000000 00:00 0 
7faeacf17000-7faead937000 rwxp 00000000 00:00 0 
7faead937000-7faeb444f000 ---p 00000000 00:00 0 
7faeb444f000-7faeb46bf000 rwxp 00000000 00:00 0 
7faeb46bf000-7faebb987000 ---p 00000000 00:00 0 
7faebb987000-7faec4000000 r--s 00000000 08:01 15209038                   /home/fernando/Development/languages/java/jdk11/lib/modules
7faec4000000-7faec55f1000 rw-p 00000000 00:00 0 
7faec55f1000-7faec8000000 ---p 00000000 00:00 0 
7faec8029000-7faec802d000 ---p 00000000 00:00 0 
7faec802d000-7faec812a000 rw-p 00000000 00:00 0 
7faec812a000-7faec812e000 ---p 00000000 00:00 0 
7faec812e000-7faec822b000 rw-p 00000000 00:00 0 
7faec822b000-7faec822f000 ---p 00000000 00:00 0 
7faec822f000-7faec832c000 rw-p 00000000 00:00 0 
7faec832c000-7faec832d000 ---p 00000000 00:00 0 
7faec832d000-7faec84ae000 rw-p 00000000 00:00 0 
7faec84ae000-7faec84af000 ---p 00000000 00:00 0 
7faec84af000-7faec85af000 rw-p 00000000 00:00 0 
7faec85af000-7faec85b0000 ---p 00000000 00:00 0 
7faec85b0000-7faec8ab4000 rw-p 00000000 00:00 0 
7faec8ab4000-7faec8ab5000 ---p 00000000 00:00 0 
7faec8ab5000-7faec8bb5000 rw-p 00000000 00:00 0 
7faec8bb5000-7faec8bb6000 ---p 00000000 00:00 0 
7faec8bb6000-7faec8d28000 rw-p 00000000 00:00 0 
7faec8d28000-7faec908a000 ---p 00000000 00:00 0 
7faec908a000-7faec90fc000 rw-p 00000000 00:00 0 
7faec90fc000-7faec945e000 ---p 00000000 00:00 0 
7faec945e000-7faec94d0000 rw-p 00000000 00:00 0 
7faec94d0000-7faec9832000 ---p 00000000 00:00 0 
7faec9832000-7faec9c36000 rw-p 00000000 00:00 0 
7faec9c36000-7faec9c37000 ---p 00000000 00:00 0 
7faec9c37000-7faec9d3c000 rw-p 00000000 00:00 0 
7faec9d3c000-7faec9e22000 ---p 00000000 00:00 0 
7faec9e22000-7faec9e37000 rw-p 00000000 00:00 0 
7faec9e37000-7faec9f0d000 ---p 00000000 00:00 0 
7faec9f0d000-7faec9f27000 r-xp 00000000 08:01 15209041                   /home/fernando/Development/languages/java/jdk11/lib/libjimage.so
7faec9f27000-7faeca126000 ---p 0001a000 08:01 15209041                   /home/fernando/Development/languages/java/jdk11/lib/libjimage.so
7faeca126000-7faeca128000 rw-p 00019000 08:01 15209041                   /home/fernando/Development/languages/java/jdk11/lib/libjimage.so
7faeca128000-7faeca13a000 rw-p 00000000 00:00 0 
7faeca13a000-7faeca141000 r-xp 00000000 08:01 15209052                   /home/fernando/Development/languages/java/jdk11/lib/libzip.so
7faeca141000-7faeca341000 ---p 00007000 08:01 15209052                   /home/fernando/Development/languages/java/jdk11/lib/libzip.so
7faeca341000-7faeca342000 rw-p 00007000 08:01 15209052                   /home/fernando/Development/languages/java/jdk11/lib/libzip.so
7faeca342000-7faeca34d000 r-xp 00000000 08:01 6294168                    /lib/x86_64-linux-gnu/libnss_files-2.23.so
7faeca34d000-7faeca54c000 ---p 0000b000 08:01 6294168                    /lib/x86_64-linux-gnu/libnss_files-2.23.so
7faeca54c000-7faeca54d000 r--p 0000a000 08:01 6294168                    /lib/x86_64-linux-gnu/libnss_files-2.23.so
7faeca54d000-7faeca54e000 rw-p 0000b000 08:01 6294168                    /lib/x86_64-linux-gnu/libnss_files-2.23.so
7faeca54e000-7faeca554000 rw-p 00000000 00:00 0 
7faeca554000-7faeca55f000 r-xp 00000000 08:01 6294176                    /lib/x86_64-linux-gnu/libnss_nis-2.23.so
7faeca55f000-7faeca75e000 ---p 0000b000 08:01 6294176                    /lib/x86_64-linux-gnu/libnss_nis-2.23.so
7faeca75e000-7faeca75f000 r--p 0000a000 08:01 6294176                    /lib/x86_64-linux-gnu/libnss_nis-2.23.so
7faeca75f000-7faeca760000 rw-p 0000b000 08:01 6294176                    /lib/x86_64-linux-gnu/libnss_nis-2.23.so
7faeca760000-7faeca776000 r-xp 00000000 08:01 6293470                    /lib/x86_64-linux-gnu/libnsl-2.23.so
7faeca776000-7faeca975000 ---p 00016000 08:01 6293470                    /lib/x86_64-linux-gnu/libnsl-2.23.so
7faeca975000-7faeca976000 r--p 00015000 08:01 6293470                    /lib/x86_64-linux-gnu/libnsl-2.23.so
7faeca976000-7faeca977000 rw-p 00016000 08:01 6293470                    /lib/x86_64-linux-gnu/libnsl-2.23.so
7faeca977000-7faeca979000 rw-p 00000000 00:00 0 
7faeca979000-7faeca981000 r-xp 00000000 08:01 6294157                    /lib/x86_64-linux-gnu/libnss_compat-2.23.so
7faeca981000-7faecab80000 ---p 00008000 08:01 6294157                    /lib/x86_64-linux-gnu/libnss_compat-2.23.so
7faecab80000-7faecab81000 r--p 00007000 08:01 6294157                    /lib/x86_64-linux-gnu/libnss_compat-2.23.so
7faecab81000-7faecab82000 rw-p 00008000 08:01 6294157                    /lib/x86_64-linux-gnu/libnss_compat-2.23.so
7faecab82000-7faecabab000 r-xp 00000000 08:01 15209044                   /home/fernando/Development/languages/java/jdk11/lib/libjava.so
7faecabab000-7faecadab000 ---p 00029000 08:01 15209044                   /home/fernando/Development/languages/java/jdk11/lib/libjava.so
7faecadab000-7faecadad000 rw-p 00029000 08:01 15209044                   /home/fernando/Development/languages/java/jdk11/lib/libjava.so
7faecadad000-7faecadba000 r-xp 00000000 08:01 15209058                   /home/fernando/Development/languages/java/jdk11/lib/libverify.so
7faecadba000-7faecafb9000 ---p 0000d000 08:01 15209058                   /home/fernando/Development/languages/java/jdk11/lib/libverify.so
7faecafb9000-7faecafbb000 rw-p 0000c000 08:01 15209058                   /home/fernando/Development/languages/java/jdk11/lib/libverify.so
7faecafbb000-7faecafc2000 r-xp 00000000 08:01 6294178                    /lib/x86_64-linux-gnu/librt-2.23.so
7faecafc2000-7faecb1c1000 ---p 00007000 08:01 6294178                    /lib/x86_64-linux-gnu/librt-2.23.so
7faecb1c1000-7faecb1c2000 r--p 00006000 08:01 6294178                    /lib/x86_64-linux-gnu/librt-2.23.so
7faecb1c2000-7faecb1c3000 rw-p 00007000 08:01 6294178                    /lib/x86_64-linux-gnu/librt-2.23.so
7faecb1c3000-7faecb2cb000 r-xp 00000000 08:01 6292010                    /lib/x86_64-linux-gnu/libm-2.23.so
7faecb2cb000-7faecb4ca000 ---p 00108000 08:01 6292010                    /lib/x86_64-linux-gnu/libm-2.23.so
7faecb4ca000-7faecb4cb000 r--p 00107000 08:01 6292010                    /lib/x86_64-linux-gnu/libm-2.23.so
7faecb4cb000-7faecb4cc000 rw-p 00108000 08:01 6292010                    /lib/x86_64-linux-gnu/libm-2.23.so
7faecb4cc000-7faecc5fb000 r-xp 00000000 08:01 15209019                   /home/fernando/Development/languages/java/jdk11/lib/server/libjvm.so
7faecc5fb000-7faecc7fa000 ---p 0112f000 08:01 15209019                   /home/fernando/Development/languages/java/jdk11/lib/server/libjvm.so
7faecc7fa000-7faecc8cf000 r--p 0112e000 08:01 15209019                   /home/fernando/Development/languages/java/jdk11/lib/server/libjvm.so
7faecc8cf000-7faecc909000 rw-p 01203000 08:01 15209019                   /home/fernando/Development/languages/java/jdk11/lib/server/libjvm.so
7faecc909000-7faecc974000 rw-p 00000000 00:00 0 
7faecc974000-7faeccb34000 r-xp 00000000 08:01 6294140                    /lib/x86_64-linux-gnu/libc-2.23.so
7faeccb34000-7faeccd34000 ---p 001c0000 08:01 6294140                    /lib/x86_64-linux-gnu/libc-2.23.so
7faeccd34000-7faeccd38000 r--p 001c0000 08:01 6294140                    /lib/x86_64-linux-gnu/libc-2.23.so
7faeccd38000-7faeccd3a000 rw-p 001c4000 08:01 6294140                    /lib/x86_64-linux-gnu/libc-2.23.so
7faeccd3a000-7faeccd3e000 rw-p 00000000 00:00 0 
7faeccd3e000-7faeccd41000 r-xp 00000000 08:01 6294145                    /lib/x86_64-linux-gnu/libdl-2.23.so
7faeccd41000-7faeccf40000 ---p 00003000 08:01 6294145                    /lib/x86_64-linux-gnu/libdl-2.23.so
7faeccf40000-7faeccf41000 r--p 00002000 08:01 6294145                    /lib/x86_64-linux-gnu/libdl-2.23.so
7faeccf41000-7faeccf42000 rw-p 00003000 08:01 6294145                    /lib/x86_64-linux-gnu/libdl-2.23.so
7faeccf42000-7faeccf51000 r-xp 00000000 08:01 15209037                   /home/fernando/Development/languages/java/jdk11/lib/jli/libjli.so
7faeccf51000-7faecd151000 ---p 0000f000 08:01 15209037                   /home/fernando/Development/languages/java/jdk11/lib/jli/libjli.so
7faecd151000-7faecd152000 rw-p 0000f000 08:01 15209037                   /home/fernando/Development/languages/java/jdk11/lib/jli/libjli.so
7faecd152000-7faecd16a000 r-xp 00000000 08:01 6294137                    /lib/x86_64-linux-gnu/libpthread-2.23.so
7faecd16a000-7faecd369000 ---p 00018000 08:01 6294137                    /lib/x86_64-linux-gnu/libpthread-2.23.so
7faecd369000-7faecd36a000 r--p 00017000 08:01 6294137                    /lib/x86_64-linux-gnu/libpthread-2.23.so
7faecd36a000-7faecd36b000 rw-p 00018000 08:01 6294137                    /lib/x86_64-linux-gnu/libpthread-2.23.so
7faecd36b000-7faecd36f000 rw-p 00000000 00:00 0 
7faecd36f000-7faecd388000 r-xp 00000000 08:01 6295935                    /lib/x86_64-linux-gnu/libz.so.1.2.8
7faecd388000-7faecd587000 ---p 00019000 08:01 6295935                    /lib/x86_64-linux-gnu/libz.so.1.2.8
7faecd587000-7faecd588000 r--p 00018000 08:01 6295935                    /lib/x86_64-linux-gnu/libz.so.1.2.8
7faecd588000-7faecd589000 rw-p 00019000 08:01 6295935                    /lib/x86_64-linux-gnu/libz.so.1.2.8
7faecd589000-7faecd5af000 r-xp 00000000 08:01 6294135                    /lib/x86_64-linux-gnu/ld-2.23.so
7faecd5c9000-7faecd5cd000 ---p 00000000 00:00 0 
7faecd5cd000-7faecd688000 rw-p 00000000 00:00 0 
7faecd688000-7faecd68c000 ---p 00000000 00:00 0 
7faecd68c000-7faecd78e000 rw-p 00000000 00:00 0 
7faecd798000-7faecd79d000 rw-p 00000000 00:00 0 
7faecd79d000-7faecd7a4000 ---p 00000000 00:00 0 
7faecd7a4000-7faecd7ac000 rw-s 00000000 08:01 24118343                   /tmp/hsperfdata_fernando/20905
7faecd7ac000-7faecd7ad000 ---p 00000000 00:00 0 
7faecd7ad000-7faecd7ae000 r--p 00000000 00:00 0 
7faecd7ae000-7faecd7af000 r--p 00025000 08:01 6294135                    /lib/x86_64-linux-gnu/ld-2.23.so
7faecd7af000-7faecd7b0000 rw-p 00026000 08:01 6294135                    /lib/x86_64-linux-gnu/ld-2.23.so
7faecd7b0000-7faecd7b1000 rw-p 00000000 00:00 0 
7ffc22a0a000-7ffc22a2c000 rw-p 00000000 00:00 0                          [stack]
7ffc22b01000-7ffc22b04000 r--p 00000000 00:00 0                          [vvar]
7ffc22b04000-7ffc22b06000 r-xp 00000000 00:00 0                          [vdso]
ffffffffff600000-ffffffffff601000 r-xp 00000000 00:00 0                  [vsyscall]


VM Arguments:
java_command: /home/fernando/eclipse-workspace/image-converter/target/surefire/surefirebooter852532316016554381.jar /home/fernando/eclipse-workspace/image-converter/target/surefire 2019-02-23T16-47-59_254-jvmRun1 surefire2354334486479398638tmp surefire_14018224006537709404tmp
java_class_path (initial): /home/fernando/eclipse-workspace/image-converter/target/surefire/surefirebooter852532316016554381.jar
Launcher Type: SUN_STANDARD

[Global flags]
     intx CICompilerCount                          = 3                                         {product} {ergonomic}
     uint ConcGCThreads                            = 1                                         {product} {ergonomic}
     uint G1ConcRefinementThreads                  = 4                                         {product} {ergonomic}
   size_t G1HeapRegionSize                         = 1048576                                   {product} {ergonomic}
    uintx GCDrainStackTargetSize                   = 64                                        {product} {ergonomic}
   size_t InitialHeapSize                          = 130023424                                 {product} {ergonomic}
   size_t MarkStackSize                            = 4194304                                   {product} {ergonomic}
   size_t MaxHeapSize                              = 2055208960                                {product} {ergonomic}
   size_t MaxNewSize                               = 1233125376                                {product} {ergonomic}
   size_t MinHeapDeltaBytes                        = 1048576                                   {product} {ergonomic}
    uintx NonNMethodCodeHeapSize                   = 5830092                                {pd product} {ergonomic}
    uintx NonProfiledCodeHeapSize                  = 122914074                              {pd product} {ergonomic}
    uintx ProfiledCodeHeapSize                     = 122914074                              {pd product} {ergonomic}
    uintx ReservedCodeCacheSize                    = 251658240                              {pd product} {ergonomic}
     bool SegmentedCodeCache                       = true                                      {product} {ergonomic}
     bool UseCompressedClassPointers               = true                                 {lp64_product} {ergonomic}
     bool UseCompressedOops                        = true                                 {lp64_product} {ergonomic}
     bool UseG1GC                                  = true                                      {product} {ergonomic}

Logging:
Log output configuration:
 #0: stdout all=warning uptime,level,tags
 #1: stderr all=off uptime,level,tags

Environment Variables:
JAVA_HOME=/home/fernando/Development/languages/java/jdk11
PATH=/home/fernando/Development/scripts/linux:/opt/gradle/bin:/opt/apache-ant/bin:/opt/apache-maven/bin:/home/fernando/Development/languages/java/jdk11/bin:/usr/local/sbin:/usr/local/bin:/usr/sbin:/usr/bin:/sbin:/bin:/usr/games:/usr/local/games:/snap/bin:.
SHELL=/bin/bash
DISPLAY=:0

Signal Handlers:
SIGSEGV: [libjvm.so+0xe07000], sa_mask[0]=11111111011111111101111111111110, sa_flags=SA_RESTART|SA_SIGINFO
SIGBUS: [libjvm.so+0xe07000], sa_mask[0]=11111111011111111101111111111110, sa_flags=SA_RESTART|SA_SIGINFO
SIGFPE: [libjvm.so+0xe07000], sa_mask[0]=11111111011111111101111111111110, sa_flags=SA_RESTART|SA_SIGINFO
SIGPIPE: [libjvm.so+0xbff110], sa_mask[0]=11111111011111111101111111111110, sa_flags=SA_RESTART|SA_SIGINFO
SIGXFSZ: [libjvm.so+0xbff110], sa_mask[0]=11111111011111111101111111111110, sa_flags=SA_RESTART|SA_SIGINFO
SIGILL: [libjvm.so+0xe07000], sa_mask[0]=11111111011111111101111111111110, sa_flags=SA_RESTART|SA_SIGINFO
SIGUSR2: [libjvm.so+0xbff400], sa_mask[0]=00100000000000000000000000000000, sa_flags=SA_RESTART|SA_SIGINFO
SIGHUP: [libjvm.so+0xbff560], sa_mask[0]=11111111011111111101111111111110, sa_flags=SA_RESTART|SA_SIGINFO
SIGINT: [libjvm.so+0xbff560], sa_mask[0]=11111111011111111101111111111110, sa_flags=SA_RESTART|SA_SIGINFO
SIGTERM: [libjvm.so+0xbff560], sa_mask[0]=11111111011111111101111111111110, sa_flags=SA_RESTART|SA_SIGINFO
SIGQUIT: [libjvm.so+0xbff560], sa_mask[0]=11111111011111111101111111111110, sa_flags=SA_RESTART|SA_SIGINFO


---------------  S Y S T E M  ---------------

OS:DISTRIB_ID=Ubuntu
DISTRIB_RELEASE=16.04
DISTRIB_CODENAME=xenial
DISTRIB_DESCRIPTION="Ubuntu 16.04.4 LTS"
uname:Linux 4.4.0-127-generic #153-Ubuntu SMP Sat May 19 10:58:46 UTC 2018 x86_64
libc:glibc 2.23 NPTL 2.23 
rlimit: STACK 8192k, CORE 0k, NPROC 31185, NOFILE 1048576, AS infinity, DATA infinity, FSIZE infinity
load average:1,67 1,20 0,97

/proc/meminfo:
MemTotal:        8024596 kB
MemFree:          155908 kB
MemAvailable:    2929600 kB
Buffers:           83700 kB
Cached:          3023000 kB
SwapCached:        27776 kB
Active:          4866304 kB
Inactive:        2609248 kB
Active(anon):    3398608 kB
Inactive(anon):  1183512 kB
Active(file):    1467696 kB
Inactive(file):  1425736 kB
Unevictable:          64 kB
Mlocked:              64 kB
SwapTotal:       8235004 kB
SwapFree:        8034976 kB
Dirty:             10512 kB
Writeback:             0 kB
AnonPages:       4356244 kB
Mapped:           394104 kB
Shmem:            212828 kB
Slab:             235600 kB
SReclaimable:     186724 kB
SUnreclaim:        48876 kB
KernelStack:       15968 kB
PageTables:        67764 kB
NFS_Unstable:          0 kB
Bounce:                0 kB
WritebackTmp:          0 kB
CommitLimit:    12247300 kB
Committed_AS:   12392792 kB
VmallocTotal:   34359738367 kB
VmallocUsed:           0 kB
VmallocChunk:          0 kB
HardwareCorrupted:     0 kB
AnonHugePages:         0 kB
CmaTotal:              0 kB
CmaFree:               0 kB
HugePages_Total:       0
HugePages_Free:        0
HugePages_Rsvd:        0
HugePages_Surp:        0
Hugepagesize:       2048 kB
DirectMap4k:      243968 kB
DirectMap2M:     7993344 kB


/proc/sys/kernel/threads-max (system-wide limit on the number of threads):
62371


/proc/sys/vm/max_map_count (maximum number of memory map areas a process may have):
65530


/proc/sys/kernel/pid_max (system-wide limit on number of process identifiers):
32768



container (cgroup) information:
container_type: cgroupv1
cpu_cpuset_cpus: 0-3
cpu_memory_nodes: 0
active_processor_count: 4
cpu_quota: -1
cpu_period: 100000
cpu_shares: -1
memory_limit_in_bytes: -1
memory_and_swap_limit_in_bytes: -2
memory_soft_limit_in_bytes: -1
memory_usage_in_bytes: 7383998464
memory_max_usage_in_bytes: 7426568192


CPU:total 4 (initial active 4) (2 cores per cpu, 2 threads per core) family 6 model 42 stepping 7, cmov, cx8, fxsr, mmx, sse, sse2, sse3, ssse3, sse4.1, sse4.2, popcnt, avx, aes, clmul, ht, tsc, tscinvbit
CPU Model and flags from /proc/cpuinfo:
model name	: Intel(R) Core(TM) i5-2410M CPU @ 2.30GHz
flags		: fpu vme de pse tsc msr pae mce cx8 apic sep mtrr pge mca cmov pat pse36 clflush dts acpi mmx fxsr sse sse2 ss ht tm pbe syscall nx rdtscp lm constant_tsc arch_perfmon pebs bts rep_good nopl xtopology nonstop_tsc aperfmperf eagerfpu pni pclmulqdq dtes64 monitor ds_cpl vmx est tm2 ssse3 cx16 xtpr pdcm pcid sse4_1 sse4_2 x2apic popcnt tsc_deadline_timer aes xsave avx lahf_lm epb kaiser tpr_shadow vnmi flexpriority ept vpid xsaveopt ibpb ibrs stibp dtherm ida arat pln pts

Memory: 4k page, physical 8024596k(155908k free), swap 8235004k(8034976k free)

vm_info: OpenJDK 64-Bit Server VM (11.0.2+7-LTS) for linux-amd64 JRE (Zulu11.29+3-CA) (11.0.2+7-LTS), built on Jan 16 2019 19:43:40 by "tester" with gcc 4.9.2 20150212 (Red Hat 4.9.2-6)

END.
